[14:09:31:170] [INFO] - org.springframework.boot.SpringApplication.logStartupProfileInfo(SpringApplication.java:663) - The following profiles are active: dev
[14:09:38:841] [WARN] - com.netflix.config.sources.URLConfigurationSource.<init>(URLConfigurationSource.java:121) - No URLs will be polled as dynamic configuration sources.
[14:09:42:022] [INFO] - net.sf.log4jdbc.log.log4j2.Log4j2SpyLogDelegator.sqlTimingOccurred(Log4j2SpyLogDelegator.java:243) - 1. SELECT 1 FROM DUAL  {executed in 1 ms}
[14:09:42:150] [INFO] - net.sf.log4jdbc.log.log4j2.Log4j2SpyLogDelegator.sqlTimingOccurred(Log4j2SpyLogDelegator.java:243) - 2. SELECT 1 FROM DUAL  {executed in 0 ms}
[14:09:42:184] [INFO] - net.sf.log4jdbc.log.log4j2.Log4j2SpyLogDelegator.sqlTimingOccurred(Log4j2SpyLogDelegator.java:243) - 3. SELECT 1 FROM DUAL  {executed in 0 ms}
[14:09:42:246] [INFO] - net.sf.log4jdbc.log.log4j2.Log4j2SpyLogDelegator.sqlTimingOccurred(Log4j2SpyLogDelegator.java:243) - 4. SELECT 1 FROM DUAL  {executed in 0 ms}
[14:09:42:282] [INFO] - net.sf.log4jdbc.log.log4j2.Log4j2SpyLogDelegator.sqlTimingOccurred(Log4j2SpyLogDelegator.java:243) - 5. SELECT 1 FROM DUAL  {executed in 0 ms}
[14:09:45:464] [INFO] - com.boot.test.redis.RedisCfg.generateRedisDao(RedisCfg.java:56) - ====================配置redis dbIndex=0=====================
[14:09:45:591] [INFO] - com.boot.test.redis.RedisCfg.generateRedisDao(RedisCfg.java:70) - ShardedJedisPool创建成功
[14:09:45:592] [INFO] - com.boot.test.redis.RedisCfg.generateRedisDao(RedisCfg.java:74) - RedisDao创建成功
[14:09:48:896] [WARN] - com.netflix.config.sources.URLConfigurationSource.<init>(URLConfigurationSource.java:121) - No URLs will be polled as dynamic configuration sources.
[14:10:02:305] [WARN] - com.netflix.discovery.InstanceInfoReplicator.onDemandUpdate(InstanceInfoReplicator.java:110) - Ignoring onDemand update due to rate limiter
[14:10:03:793] [INFO] - net.sf.log4jdbc.log.log4j2.Log4j2SpyLogDelegator.sqlTimingOccurred(Log4j2SpyLogDelegator.java:243) - 5. /* ping */ SELECT 1  {executed in 2 ms}
[14:10:03:952] [INFO] - net.sf.log4jdbc.log.log4j2.Log4j2SpyLogDelegator.sqlTimingOccurred(Log4j2SpyLogDelegator.java:243) - 5. /* ping */ SELECT 1  {executed in 1 ms}
[14:10:04:026] [INFO] - org.springframework.boot.StartupInfoLogger.logStarted(StartupInfoLogger.java:59) - Started Application in 36.4 seconds (JVM running for 43.032)
[14:10:04:944] [INFO] - net.sf.log4jdbc.log.log4j2.Log4j2SpyLogDelegator.sqlTimingOccurred(Log4j2SpyLogDelegator.java:243) - 5. /* ping */ SELECT 1  {executed in 0 ms}
[14:10:33:960] [INFO] - net.sf.log4jdbc.log.log4j2.Log4j2SpyLogDelegator.sqlTimingOccurred(Log4j2SpyLogDelegator.java:243) - 5. /* ping */ SELECT 1  {executed in 1 ms}
[14:10:42:085] [INFO] - com.boot.test.common.interceptor.CheckTokenInterceptor.preHandle(CheckTokenInterceptor.java:33) - 获取token接口，直接放行。
[14:10:44:914] [INFO] - com.boot.test.common.interceptor.CheckTokenInterceptor.preHandle(CheckTokenInterceptor.java:33) - 获取token接口，直接放行。
[14:10:45:965] [INFO] - com.boot.test.common.interceptor.CheckTokenInterceptor.preHandle(CheckTokenInterceptor.java:33) - 获取token接口，直接放行。
[14:10:49:321] [INFO] - com.boot.test.common.interceptor.CheckTokenInterceptor.preHandle(CheckTokenInterceptor.java:41) - token认证通过： b312f350-a222-4a5c-86a0-bd88b1f1f31f
[14:10:54:434] [INFO] - com.boot.test.common.interceptor.CheckTokenInterceptor.preHandle(CheckTokenInterceptor.java:41) - token认证通过： b312f350-a222-4a5c-86a0-bd88b1f1f31f
[14:11:03:967] [INFO] - net.sf.log4jdbc.log.log4j2.Log4j2SpyLogDelegator.sqlTimingOccurred(Log4j2SpyLogDelegator.java:243) - 5. /* ping */ SELECT 1  {executed in 0 ms}
[14:11:33:979] [INFO] - net.sf.log4jdbc.log.log4j2.Log4j2SpyLogDelegator.sqlTimingOccurred(Log4j2SpyLogDelegator.java:243) - 5. /* ping */ SELECT 1  {executed in 1 ms}
[14:12:03:986] [INFO] - net.sf.log4jdbc.log.log4j2.Log4j2SpyLogDelegator.sqlTimingOccurred(Log4j2SpyLogDelegator.java:243) - 5. /* ping */ SELECT 1  {executed in 0 ms}
[14:12:33:994] [INFO] - net.sf.log4jdbc.log.log4j2.Log4j2SpyLogDelegator.sqlTimingOccurred(Log4j2SpyLogDelegator.java:243) - 5. /* ping */ SELECT 1  {executed in 0 ms}
[14:13:04:001] [INFO] - net.sf.log4jdbc.log.log4j2.Log4j2SpyLogDelegator.sqlTimingOccurred(Log4j2SpyLogDelegator.java:243) - 5. /* ping */ SELECT 1  {executed in 0 ms}
[14:13:34:007] [INFO] - net.sf.log4jdbc.log.log4j2.Log4j2SpyLogDelegator.sqlTimingOccurred(Log4j2SpyLogDelegator.java:243) - 5. /* ping */ SELECT 1  {executed in 0 ms}
[14:14:04:013] [INFO] - net.sf.log4jdbc.log.log4j2.Log4j2SpyLogDelegator.sqlTimingOccurred(Log4j2SpyLogDelegator.java:243) - 5. /* ping */ SELECT 1  {executed in 0 ms}
[14:14:34:016] [INFO] - net.sf.log4jdbc.log.log4j2.Log4j2SpyLogDelegator.sqlTimingOccurred(Log4j2SpyLogDelegator.java:243) - 5. /* ping */ SELECT 1  {executed in 1 ms}
[14:15:04:021] [INFO] - net.sf.log4jdbc.log.log4j2.Log4j2SpyLogDelegator.sqlTimingOccurred(Log4j2SpyLogDelegator.java:243) - 5. /* ping */ SELECT 1  {executed in 0 ms}
[14:15:34:026] [INFO] - net.sf.log4jdbc.log.log4j2.Log4j2SpyLogDelegator.sqlTimingOccurred(Log4j2SpyLogDelegator.java:243) - 5. /* ping */ SELECT 1  {executed in 1 ms}
[14:16:04:035] [INFO] - net.sf.log4jdbc.log.log4j2.Log4j2SpyLogDelegator.sqlTimingOccurred(Log4j2SpyLogDelegator.java:243) - 5. /* ping */ SELECT 1  {executed in 1 ms}
[14:16:34:043] [INFO] - net.sf.log4jdbc.log.log4j2.Log4j2SpyLogDelegator.sqlTimingOccurred(Log4j2SpyLogDelegator.java:243) - 5. /* ping */ SELECT 1  {executed in 0 ms}
[14:17:04:047] [INFO] - net.sf.log4jdbc.log.log4j2.Log4j2SpyLogDelegator.sqlTimingOccurred(Log4j2SpyLogDelegator.java:243) - 5. /* ping */ SELECT 1  {executed in 0 ms}
[14:17:34:057] [INFO] - net.sf.log4jdbc.log.log4j2.Log4j2SpyLogDelegator.sqlTimingOccurred(Log4j2SpyLogDelegator.java:243) - 5. /* ping */ SELECT 1  {executed in 1 ms}
[14:18:04:064] [INFO] - net.sf.log4jdbc.log.log4j2.Log4j2SpyLogDelegator.sqlTimingOccurred(Log4j2SpyLogDelegator.java:243) - 5. /* ping */ SELECT 1  {executed in 0 ms}
[14:18:34:069] [INFO] - net.sf.log4jdbc.log.log4j2.Log4j2SpyLogDelegator.sqlTimingOccurred(Log4j2SpyLogDelegator.java:243) - 5. /* ping */ SELECT 1  {executed in 0 ms}
[14:18:47:622] [INFO] - com.boot.test.common.interceptor.CheckTokenInterceptor.preHandle(CheckTokenInterceptor.java:46) - token认证失败： b312f350-a222-4a5c-86a0-bd88b1f1f31f
[14:19:04:076] [INFO] - net.sf.log4jdbc.log.log4j2.Log4j2SpyLogDelegator.sqlTimingOccurred(Log4j2SpyLogDelegator.java:243) - 5. /* ping */ SELECT 1  {executed in 1 ms}
[14:19:34:082] [INFO] - net.sf.log4jdbc.log.log4j2.Log4j2SpyLogDelegator.sqlTimingOccurred(Log4j2SpyLogDelegator.java:243) - 5. /* ping */ SELECT 1  {executed in 0 ms}
[14:20:04:086] [INFO] - net.sf.log4jdbc.log.log4j2.Log4j2SpyLogDelegator.sqlTimingOccurred(Log4j2SpyLogDelegator.java:243) - 5. /* ping */ SELECT 1  {executed in 0 ms}
[14:20:22:397] [INFO] - com.boot.test.common.interceptor.CheckTokenInterceptor.preHandle(CheckTokenInterceptor.java:33) - 获取token接口，直接放行。
[14:20:25:358] [INFO] - com.boot.test.common.interceptor.CheckTokenInterceptor.preHandle(CheckTokenInterceptor.java:41) - token认证通过： 12c00083-4664-4953-94ed-70bc1167eada
[14:20:34:093] [INFO] - net.sf.log4jdbc.log.log4j2.Log4j2SpyLogDelegator.sqlTimingOccurred(Log4j2SpyLogDelegator.java:243) - 5. /* ping */ SELECT 1  {executed in 1 ms}
[14:21:04:099] [INFO] - net.sf.log4jdbc.log.log4j2.Log4j2SpyLogDelegator.sqlTimingOccurred(Log4j2SpyLogDelegator.java:243) - 5. /* ping */ SELECT 1  {executed in 0 ms}
[14:21:34:107] [INFO] - net.sf.log4jdbc.log.log4j2.Log4j2SpyLogDelegator.sqlTimingOccurred(Log4j2SpyLogDelegator.java:243) - 5. /* ping */ SELECT 1  {executed in 0 ms}
[14:22:04:115] [INFO] - net.sf.log4jdbc.log.log4j2.Log4j2SpyLogDelegator.sqlTimingOccurred(Log4j2SpyLogDelegator.java:243) - 5. /* ping */ SELECT 1  {executed in 0 ms}
[14:22:34:121] [INFO] - net.sf.log4jdbc.log.log4j2.Log4j2SpyLogDelegator.sqlTimingOccurred(Log4j2SpyLogDelegator.java:243) - 5. /* ping */ SELECT 1  {executed in 1 ms}
[14:23:04:126] [INFO] - net.sf.log4jdbc.log.log4j2.Log4j2SpyLogDelegator.sqlTimingOccurred(Log4j2SpyLogDelegator.java:243) - 5. /* ping */ SELECT 1  {executed in 0 ms}
[14:23:34:130] [INFO] - net.sf.log4jdbc.log.log4j2.Log4j2SpyLogDelegator.sqlTimingOccurred(Log4j2SpyLogDelegator.java:243) - 5. /* ping */ SELECT 1  {executed in 0 ms}
[14:24:04:137] [INFO] - net.sf.log4jdbc.log.log4j2.Log4j2SpyLogDelegator.sqlTimingOccurred(Log4j2SpyLogDelegator.java:243) - 5. /* ping */ SELECT 1  {executed in 1 ms}
[14:24:34:141] [INFO] - net.sf.log4jdbc.log.log4j2.Log4j2SpyLogDelegator.sqlTimingOccurred(Log4j2SpyLogDelegator.java:243) - 5. /* ping */ SELECT 1  {executed in 0 ms}
[14:25:04:151] [INFO] - net.sf.log4jdbc.log.log4j2.Log4j2SpyLogDelegator.sqlTimingOccurred(Log4j2SpyLogDelegator.java:243) - 5. /* ping */ SELECT 1  {executed in 1 ms}
[14:25:34:157] [INFO] - net.sf.log4jdbc.log.log4j2.Log4j2SpyLogDelegator.sqlTimingOccurred(Log4j2SpyLogDelegator.java:243) - 5. /* ping */ SELECT 1  {executed in 1 ms}
[14:26:04:161] [INFO] - net.sf.log4jdbc.log.log4j2.Log4j2SpyLogDelegator.sqlTimingOccurred(Log4j2SpyLogDelegator.java:243) - 5. /* ping */ SELECT 1  {executed in 1 ms}
[14:26:33:130] [INFO] - com.boot.test.common.interceptor.CheckTokenInterceptor.preHandle(CheckTokenInterceptor.java:46) - token认证失败： 12c00083-4664-4953-94ed-70bc1167eada
[14:26:34:167] [INFO] - net.sf.log4jdbc.log.log4j2.Log4j2SpyLogDelegator.sqlTimingOccurred(Log4j2SpyLogDelegator.java:243) - 5. /* ping */ SELECT 1  {executed in 0 ms}
[14:26:41:182] [INFO] - com.boot.test.common.interceptor.CheckTokenInterceptor.preHandle(CheckTokenInterceptor.java:33) - 获取token接口，直接放行。
[14:26:43:951] [INFO] - com.boot.test.common.interceptor.CheckTokenInterceptor.preHandle(CheckTokenInterceptor.java:41) - token认证通过： f52609af-4330-49ce-9524-e709e7174487
[14:27:04:176] [INFO] - net.sf.log4jdbc.log.log4j2.Log4j2SpyLogDelegator.sqlTimingOccurred(Log4j2SpyLogDelegator.java:243) - 5. /* ping */ SELECT 1  {executed in 1 ms}
[14:27:34:182] [INFO] - net.sf.log4jdbc.log.log4j2.Log4j2SpyLogDelegator.sqlTimingOccurred(Log4j2SpyLogDelegator.java:243) - 5. /* ping */ SELECT 1  {executed in 0 ms}
[14:28:04:189] [INFO] - net.sf.log4jdbc.log.log4j2.Log4j2SpyLogDelegator.sqlTimingOccurred(Log4j2SpyLogDelegator.java:243) - 5. /* ping */ SELECT 1  {executed in 1 ms}
[14:28:34:197] [INFO] - net.sf.log4jdbc.log.log4j2.Log4j2SpyLogDelegator.sqlTimingOccurred(Log4j2SpyLogDelegator.java:243) - 5. /* ping */ SELECT 1  {executed in 0 ms}
[14:28:53:543] [INFO] - com.boot.test.common.interceptor.CheckTokenInterceptor.preHandle(CheckTokenInterceptor.java:46) - token认证失败： f52609af-4330-49ce-9524-e709e7174487
[14:29:04:215] [INFO] - net.sf.log4jdbc.log.log4j2.Log4j2SpyLogDelegator.sqlTimingOccurred(Log4j2SpyLogDelegator.java:243) - 5. /* ping */ SELECT 1  {executed in 1 ms}
[14:29:34:222] [INFO] - net.sf.log4jdbc.log.log4j2.Log4j2SpyLogDelegator.sqlTimingOccurred(Log4j2SpyLogDelegator.java:243) - 5. /* ping */ SELECT 1  {executed in 1 ms}
[14:30:04:229] [INFO] - net.sf.log4jdbc.log.log4j2.Log4j2SpyLogDelegator.sqlTimingOccurred(Log4j2SpyLogDelegator.java:243) - 5. /* ping */ SELECT 1  {executed in 1 ms}
[14:30:34:250] [INFO] - net.sf.log4jdbc.log.log4j2.Log4j2SpyLogDelegator.sqlTimingOccurred(Log4j2SpyLogDelegator.java:243) - 5. /* ping */ SELECT 1  {executed in 1 ms}
[14:31:04:260] [INFO] - net.sf.log4jdbc.log.log4j2.Log4j2SpyLogDelegator.sqlTimingOccurred(Log4j2SpyLogDelegator.java:243) - 5. /* ping */ SELECT 1  {executed in 1 ms}
[14:31:34:265] [INFO] - net.sf.log4jdbc.log.log4j2.Log4j2SpyLogDelegator.sqlTimingOccurred(Log4j2SpyLogDelegator.java:243) - 5. /* ping */ SELECT 1  {executed in 0 ms}
[14:32:04:271] [INFO] - net.sf.log4jdbc.log.log4j2.Log4j2SpyLogDelegator.sqlTimingOccurred(Log4j2SpyLogDelegator.java:243) - 5. /* ping */ SELECT 1  {executed in 1 ms}
[14:32:34:278] [INFO] - net.sf.log4jdbc.log.log4j2.Log4j2SpyLogDelegator.sqlTimingOccurred(Log4j2SpyLogDelegator.java:243) - 5. /* ping */ SELECT 1  {executed in 0 ms}
[14:33:04:290] [INFO] - net.sf.log4jdbc.log.log4j2.Log4j2SpyLogDelegator.sqlTimingOccurred(Log4j2SpyLogDelegator.java:243) - 5. /* ping */ SELECT 1  {executed in 7 ms}
[14:33:34:301] [INFO] - net.sf.log4jdbc.log.log4j2.Log4j2SpyLogDelegator.sqlTimingOccurred(Log4j2SpyLogDelegator.java:243) - 5. /* ping */ SELECT 1  {executed in 1 ms}
[14:34:04:311] [INFO] - net.sf.log4jdbc.log.log4j2.Log4j2SpyLogDelegator.sqlTimingOccurred(Log4j2SpyLogDelegator.java:243) - 5. /* ping */ SELECT 1  {executed in 1 ms}
[14:34:34:326] [INFO] - net.sf.log4jdbc.log.log4j2.Log4j2SpyLogDelegator.sqlTimingOccurred(Log4j2SpyLogDelegator.java:243) - 5. /* ping */ SELECT 1  {executed in 1 ms}
[14:35:04:335] [INFO] - net.sf.log4jdbc.log.log4j2.Log4j2SpyLogDelegator.sqlTimingOccurred(Log4j2SpyLogDelegator.java:243) - 5. /* ping */ SELECT 1  {executed in 0 ms}
[14:35:34:341] [INFO] - net.sf.log4jdbc.log.log4j2.Log4j2SpyLogDelegator.sqlTimingOccurred(Log4j2SpyLogDelegator.java:243) - 5. /* ping */ SELECT 1  {executed in 0 ms}
[14:36:04:345] [INFO] - net.sf.log4jdbc.log.log4j2.Log4j2SpyLogDelegator.sqlTimingOccurred(Log4j2SpyLogDelegator.java:243) - 5. /* ping */ SELECT 1  {executed in 0 ms}
[14:36:34:350] [INFO] - net.sf.log4jdbc.log.log4j2.Log4j2SpyLogDelegator.sqlTimingOccurred(Log4j2SpyLogDelegator.java:243) - 5. /* ping */ SELECT 1  {executed in 1 ms}
[14:37:04:355] [INFO] - net.sf.log4jdbc.log.log4j2.Log4j2SpyLogDelegator.sqlTimingOccurred(Log4j2SpyLogDelegator.java:243) - 5. /* ping */ SELECT 1  {executed in 1 ms}
[14:37:34:359] [INFO] - net.sf.log4jdbc.log.log4j2.Log4j2SpyLogDelegator.sqlTimingOccurred(Log4j2SpyLogDelegator.java:243) - 5. /* ping */ SELECT 1  {executed in 0 ms}
[14:38:04:364] [INFO] - net.sf.log4jdbc.log.log4j2.Log4j2SpyLogDelegator.sqlTimingOccurred(Log4j2SpyLogDelegator.java:243) - 5. /* ping */ SELECT 1  {executed in 0 ms}
[14:38:28:864] [INFO] - com.boot.test.common.interceptor.CheckTokenInterceptor.preHandle(CheckTokenInterceptor.java:46) - token认证失败： f52609af-4330-49ce-9524-e709e7174487
[14:38:34:370] [INFO] - net.sf.log4jdbc.log.log4j2.Log4j2SpyLogDelegator.sqlTimingOccurred(Log4j2SpyLogDelegator.java:243) - 5. /* ping */ SELECT 1  {executed in 0 ms}
[14:39:04:374] [INFO] - net.sf.log4jdbc.log.log4j2.Log4j2SpyLogDelegator.sqlTimingOccurred(Log4j2SpyLogDelegator.java:243) - 5. /* ping */ SELECT 1  {executed in 0 ms}
[14:39:34:378] [INFO] - net.sf.log4jdbc.log.log4j2.Log4j2SpyLogDelegator.sqlTimingOccurred(Log4j2SpyLogDelegator.java:243) - 5. /* ping */ SELECT 1  {executed in 0 ms}
[14:40:04:383] [INFO] - net.sf.log4jdbc.log.log4j2.Log4j2SpyLogDelegator.sqlTimingOccurred(Log4j2SpyLogDelegator.java:243) - 5. /* ping */ SELECT 1  {executed in 0 ms}
[14:40:34:408] [INFO] - net.sf.log4jdbc.log.log4j2.Log4j2SpyLogDelegator.sqlTimingOccurred(Log4j2SpyLogDelegator.java:243) - 5. /* ping */ SELECT 1  {executed in 1 ms}
[14:41:04:412] [INFO] - net.sf.log4jdbc.log.log4j2.Log4j2SpyLogDelegator.sqlTimingOccurred(Log4j2SpyLogDelegator.java:243) - 5. /* ping */ SELECT 1  {executed in 0 ms}
[14:41:34:417] [INFO] - net.sf.log4jdbc.log.log4j2.Log4j2SpyLogDelegator.sqlTimingOccurred(Log4j2SpyLogDelegator.java:243) - 5. /* ping */ SELECT 1  {executed in 1 ms}
[14:42:04:421] [INFO] - net.sf.log4jdbc.log.log4j2.Log4j2SpyLogDelegator.sqlTimingOccurred(Log4j2SpyLogDelegator.java:243) - 5. /* ping */ SELECT 1  {executed in 0 ms}
[14:42:34:425] [INFO] - net.sf.log4jdbc.log.log4j2.Log4j2SpyLogDelegator.sqlTimingOccurred(Log4j2SpyLogDelegator.java:243) - 5. /* ping */ SELECT 1  {executed in 0 ms}
[14:43:04:430] [INFO] - net.sf.log4jdbc.log.log4j2.Log4j2SpyLogDelegator.sqlTimingOccurred(Log4j2SpyLogDelegator.java:243) - 5. /* ping */ SELECT 1  {executed in 0 ms}
[14:43:34:434] [INFO] - net.sf.log4jdbc.log.log4j2.Log4j2SpyLogDelegator.sqlTimingOccurred(Log4j2SpyLogDelegator.java:243) - 5. /* ping */ SELECT 1  {executed in 1 ms}
[14:44:04:438] [INFO] - net.sf.log4jdbc.log.log4j2.Log4j2SpyLogDelegator.sqlTimingOccurred(Log4j2SpyLogDelegator.java:243) - 5. /* ping */ SELECT 1  {executed in 0 ms}
[14:44:34:442] [INFO] - net.sf.log4jdbc.log.log4j2.Log4j2SpyLogDelegator.sqlTimingOccurred(Log4j2SpyLogDelegator.java:243) - 5. /* ping */ SELECT 1  {executed in 0 ms}
[14:45:04:447] [INFO] - net.sf.log4jdbc.log.log4j2.Log4j2SpyLogDelegator.sqlTimingOccurred(Log4j2SpyLogDelegator.java:243) - 5. /* ping */ SELECT 1  {executed in 0 ms}
[14:45:34:456] [INFO] - net.sf.log4jdbc.log.log4j2.Log4j2SpyLogDelegator.sqlTimingOccurred(Log4j2SpyLogDelegator.java:243) - 5. /* ping */ SELECT 1  {executed in 1 ms}
[14:46:04:463] [INFO] - net.sf.log4jdbc.log.log4j2.Log4j2SpyLogDelegator.sqlTimingOccurred(Log4j2SpyLogDelegator.java:243) - 5. /* ping */ SELECT 1  {executed in 0 ms}
[14:46:34:467] [INFO] - net.sf.log4jdbc.log.log4j2.Log4j2SpyLogDelegator.sqlTimingOccurred(Log4j2SpyLogDelegator.java:243) - 5. /* ping */ SELECT 1  {executed in 0 ms}
[14:47:04:474] [INFO] - net.sf.log4jdbc.log.log4j2.Log4j2SpyLogDelegator.sqlTimingOccurred(Log4j2SpyLogDelegator.java:243) - 5. /* ping */ SELECT 1  {executed in 1 ms}
[14:47:34:483] [INFO] - net.sf.log4jdbc.log.log4j2.Log4j2SpyLogDelegator.sqlTimingOccurred(Log4j2SpyLogDelegator.java:243) - 5. /* ping */ SELECT 1  {executed in 0 ms}
[14:48:04:488] [INFO] - net.sf.log4jdbc.log.log4j2.Log4j2SpyLogDelegator.sqlTimingOccurred(Log4j2SpyLogDelegator.java:243) - 5. /* ping */ SELECT 1  {executed in 1 ms}
[14:48:34:491] [INFO] - net.sf.log4jdbc.log.log4j2.Log4j2SpyLogDelegator.sqlTimingOccurred(Log4j2SpyLogDelegator.java:243) - 5. /* ping */ SELECT 1  {executed in 1 ms}
[14:49:04:500] [INFO] - net.sf.log4jdbc.log.log4j2.Log4j2SpyLogDelegator.sqlTimingOccurred(Log4j2SpyLogDelegator.java:243) - 5. /* ping */ SELECT 1  {executed in 1 ms}
[14:49:34:506] [INFO] - net.sf.log4jdbc.log.log4j2.Log4j2SpyLogDelegator.sqlTimingOccurred(Log4j2SpyLogDelegator.java:243) - 5. /* ping */ SELECT 1  {executed in 1 ms}
[14:50:04:512] [INFO] - net.sf.log4jdbc.log.log4j2.Log4j2SpyLogDelegator.sqlTimingOccurred(Log4j2SpyLogDelegator.java:243) - 5. /* ping */ SELECT 1  {executed in 0 ms}
[14:50:34:516] [INFO] - net.sf.log4jdbc.log.log4j2.Log4j2SpyLogDelegator.sqlTimingOccurred(Log4j2SpyLogDelegator.java:243) - 5. /* ping */ SELECT 1  {executed in 0 ms}
[14:51:04:520] [INFO] - net.sf.log4jdbc.log.log4j2.Log4j2SpyLogDelegator.sqlTimingOccurred(Log4j2SpyLogDelegator.java:243) - 5. /* ping */ SELECT 1  {executed in 0 ms}
[14:51:34:525] [INFO] - net.sf.log4jdbc.log.log4j2.Log4j2SpyLogDelegator.sqlTimingOccurred(Log4j2SpyLogDelegator.java:243) - 5. /* ping */ SELECT 1  {executed in 0 ms}
[14:52:04:533] [INFO] - net.sf.log4jdbc.log.log4j2.Log4j2SpyLogDelegator.sqlTimingOccurred(Log4j2SpyLogDelegator.java:243) - 5. /* ping */ SELECT 1  {executed in 0 ms}
[14:52:34:538] [INFO] - net.sf.log4jdbc.log.log4j2.Log4j2SpyLogDelegator.sqlTimingOccurred(Log4j2SpyLogDelegator.java:243) - 5. /* ping */ SELECT 1  {executed in 0 ms}
[14:53:04:544] [INFO] - net.sf.log4jdbc.log.log4j2.Log4j2SpyLogDelegator.sqlTimingOccurred(Log4j2SpyLogDelegator.java:243) - 5. /* ping */ SELECT 1  {executed in 0 ms}
[14:53:34:550] [INFO] - net.sf.log4jdbc.log.log4j2.Log4j2SpyLogDelegator.sqlTimingOccurred(Log4j2SpyLogDelegator.java:243) - 5. /* ping */ SELECT 1  {executed in 0 ms}
[14:54:04:556] [INFO] - net.sf.log4jdbc.log.log4j2.Log4j2SpyLogDelegator.sqlTimingOccurred(Log4j2SpyLogDelegator.java:243) - 5. /* ping */ SELECT 1  {executed in 1 ms}
[14:54:34:559] [INFO] - net.sf.log4jdbc.log.log4j2.Log4j2SpyLogDelegator.sqlTimingOccurred(Log4j2SpyLogDelegator.java:243) - 5. /* ping */ SELECT 1  {executed in 0 ms}
[14:55:04:565] [INFO] - net.sf.log4jdbc.log.log4j2.Log4j2SpyLogDelegator.sqlTimingOccurred(Log4j2SpyLogDelegator.java:243) - 5. /* ping */ SELECT 1  {executed in 0 ms}
[14:55:34:573] [INFO] - net.sf.log4jdbc.log.log4j2.Log4j2SpyLogDelegator.sqlTimingOccurred(Log4j2SpyLogDelegator.java:243) - 5. /* ping */ SELECT 1  {executed in 0 ms}
[14:56:04:577] [INFO] - net.sf.log4jdbc.log.log4j2.Log4j2SpyLogDelegator.sqlTimingOccurred(Log4j2SpyLogDelegator.java:243) - 5. /* ping */ SELECT 1  {executed in 0 ms}
[14:56:34:585] [INFO] - net.sf.log4jdbc.log.log4j2.Log4j2SpyLogDelegator.sqlTimingOccurred(Log4j2SpyLogDelegator.java:243) - 5. /* ping */ SELECT 1  {executed in 0 ms}
[14:57:04:595] [INFO] - net.sf.log4jdbc.log.log4j2.Log4j2SpyLogDelegator.sqlTimingOccurred(Log4j2SpyLogDelegator.java:243) - 5. /* ping */ SELECT 1  {executed in 1 ms}
[14:57:34:602] [INFO] - net.sf.log4jdbc.log.log4j2.Log4j2SpyLogDelegator.sqlTimingOccurred(Log4j2SpyLogDelegator.java:243) - 5. /* ping */ SELECT 1  {executed in 0 ms}
[14:58:04:608] [INFO] - net.sf.log4jdbc.log.log4j2.Log4j2SpyLogDelegator.sqlTimingOccurred(Log4j2SpyLogDelegator.java:243) - 5. /* ping */ SELECT 1  {executed in 1 ms}
[14:58:34:613] [INFO] - net.sf.log4jdbc.log.log4j2.Log4j2SpyLogDelegator.sqlTimingOccurred(Log4j2SpyLogDelegator.java:243) - 5. /* ping */ SELECT 1  {executed in 0 ms}
[14:59:04:622] [INFO] - net.sf.log4jdbc.log.log4j2.Log4j2SpyLogDelegator.sqlTimingOccurred(Log4j2SpyLogDelegator.java:243) - 5. /* ping */ SELECT 1  {executed in 1 ms}
[14:59:34:627] [INFO] - net.sf.log4jdbc.log.log4j2.Log4j2SpyLogDelegator.sqlTimingOccurred(Log4j2SpyLogDelegator.java:243) - 5. /* ping */ SELECT 1  {executed in 0 ms}
[15:00:04:634] [INFO] - net.sf.log4jdbc.log.log4j2.Log4j2SpyLogDelegator.sqlTimingOccurred(Log4j2SpyLogDelegator.java:243) - 5. /* ping */ SELECT 1  {executed in 0 ms}
[15:00:34:647] [INFO] - net.sf.log4jdbc.log.log4j2.Log4j2SpyLogDelegator.sqlTimingOccurred(Log4j2SpyLogDelegator.java:243) - 5. /* ping */ SELECT 1  {executed in 0 ms}
[15:01:04:653] [INFO] - net.sf.log4jdbc.log.log4j2.Log4j2SpyLogDelegator.sqlTimingOccurred(Log4j2SpyLogDelegator.java:243) - 5. /* ping */ SELECT 1  {executed in 0 ms}
[15:01:34:378] [INFO] - com.boot.test.common.interceptor.CheckTokenInterceptor.preHandle(CheckTokenInterceptor.java:46) - token认证失败： f52609af-4330-49ce-9524-e709e7174487
[15:01:34:657] [INFO] - net.sf.log4jdbc.log.log4j2.Log4j2SpyLogDelegator.sqlTimingOccurred(Log4j2SpyLogDelegator.java:243) - 5. /* ping */ SELECT 1  {executed in 0 ms}
[15:01:40:003] [INFO] - com.boot.test.common.interceptor.CheckTokenInterceptor.preHandle(CheckTokenInterceptor.java:33) - 获取token接口，直接放行。
[15:01:43:126] [INFO] - com.boot.test.common.interceptor.CheckTokenInterceptor.preHandle(CheckTokenInterceptor.java:41) - token认证通过： 5d65a690-be82-4d77-b52a-5c18d5547896
[15:02:04:665] [INFO] - net.sf.log4jdbc.log.log4j2.Log4j2SpyLogDelegator.sqlTimingOccurred(Log4j2SpyLogDelegator.java:243) - 5. /* ping */ SELECT 1  {executed in 1 ms}
[15:02:34:669] [INFO] - net.sf.log4jdbc.log.log4j2.Log4j2SpyLogDelegator.sqlTimingOccurred(Log4j2SpyLogDelegator.java:243) - 5. /* ping */ SELECT 1  {executed in 1 ms}
[15:03:04:674] [INFO] - net.sf.log4jdbc.log.log4j2.Log4j2SpyLogDelegator.sqlTimingOccurred(Log4j2SpyLogDelegator.java:243) - 5. /* ping */ SELECT 1  {executed in 1 ms}
[15:03:34:683] [INFO] - net.sf.log4jdbc.log.log4j2.Log4j2SpyLogDelegator.sqlTimingOccurred(Log4j2SpyLogDelegator.java:243) - 5. /* ping */ SELECT 1  {executed in 0 ms}
[15:04:04:688] [INFO] - net.sf.log4jdbc.log.log4j2.Log4j2SpyLogDelegator.sqlTimingOccurred(Log4j2SpyLogDelegator.java:243) - 5. /* ping */ SELECT 1  {executed in 0 ms}
[15:04:34:693] [INFO] - net.sf.log4jdbc.log.log4j2.Log4j2SpyLogDelegator.sqlTimingOccurred(Log4j2SpyLogDelegator.java:243) - 5. /* ping */ SELECT 1  {executed in 0 ms}
[15:05:04:698] [INFO] - net.sf.log4jdbc.log.log4j2.Log4j2SpyLogDelegator.sqlTimingOccurred(Log4j2SpyLogDelegator.java:243) - 5. /* ping */ SELECT 1  {executed in 0 ms}
[15:05:34:703] [INFO] - net.sf.log4jdbc.log.log4j2.Log4j2SpyLogDelegator.sqlTimingOccurred(Log4j2SpyLogDelegator.java:243) - 5. /* ping */ SELECT 1  {executed in 0 ms}
[15:06:04:714] [INFO] - net.sf.log4jdbc.log.log4j2.Log4j2SpyLogDelegator.sqlTimingOccurred(Log4j2SpyLogDelegator.java:243) - 5. /* ping */ SELECT 1  {executed in 1 ms}
[15:06:34:719] [INFO] - net.sf.log4jdbc.log.log4j2.Log4j2SpyLogDelegator.sqlTimingOccurred(Log4j2SpyLogDelegator.java:243) - 5. /* ping */ SELECT 1  {executed in 1 ms}
[15:07:04:722] [INFO] - net.sf.log4jdbc.log.log4j2.Log4j2SpyLogDelegator.sqlTimingOccurred(Log4j2SpyLogDelegator.java:243) - 5. /* ping */ SELECT 1  {executed in 0 ms}
[15:07:34:727] [INFO] - net.sf.log4jdbc.log.log4j2.Log4j2SpyLogDelegator.sqlTimingOccurred(Log4j2SpyLogDelegator.java:243) - 5. /* ping */ SELECT 1  {executed in 0 ms}
[15:08:04:730] [INFO] - net.sf.log4jdbc.log.log4j2.Log4j2SpyLogDelegator.sqlTimingOccurred(Log4j2SpyLogDelegator.java:243) - 5. /* ping */ SELECT 1  {executed in 0 ms}
[15:08:34:736] [INFO] - net.sf.log4jdbc.log.log4j2.Log4j2SpyLogDelegator.sqlTimingOccurred(Log4j2SpyLogDelegator.java:243) - 5. /* ping */ SELECT 1  {executed in 0 ms}
[15:09:04:743] [INFO] - net.sf.log4jdbc.log.log4j2.Log4j2SpyLogDelegator.sqlTimingOccurred(Log4j2SpyLogDelegator.java:243) - 5. /* ping */ SELECT 1  {executed in 0 ms}
[15:09:34:747] [INFO] - net.sf.log4jdbc.log.log4j2.Log4j2SpyLogDelegator.sqlTimingOccurred(Log4j2SpyLogDelegator.java:243) - 5. /* ping */ SELECT 1  {executed in 0 ms}
[15:10:04:751] [INFO] - net.sf.log4jdbc.log.log4j2.Log4j2SpyLogDelegator.sqlTimingOccurred(Log4j2SpyLogDelegator.java:243) - 5. /* ping */ SELECT 1  {executed in 1 ms}
[15:10:34:755] [INFO] - net.sf.log4jdbc.log.log4j2.Log4j2SpyLogDelegator.sqlTimingOccurred(Log4j2SpyLogDelegator.java:243) - 5. /* ping */ SELECT 1  {executed in 0 ms}
[15:11:04:759] [INFO] - net.sf.log4jdbc.log.log4j2.Log4j2SpyLogDelegator.sqlTimingOccurred(Log4j2SpyLogDelegator.java:243) - 5. /* ping */ SELECT 1  {executed in 1 ms}
[15:11:34:763] [INFO] - net.sf.log4jdbc.log.log4j2.Log4j2SpyLogDelegator.sqlTimingOccurred(Log4j2SpyLogDelegator.java:243) - 5. /* ping */ SELECT 1  {executed in 0 ms}
[15:11:43:667] [INFO] - com.boot.test.common.interceptor.CheckTokenInterceptor.preHandle(CheckTokenInterceptor.java:33) - 获取token接口，直接放行。
[15:11:50:849] [INFO] - com.boot.test.common.interceptor.CheckTokenInterceptor.preHandle(CheckTokenInterceptor.java:41) - token认证通过： d0d72741-3a10-4f00-a372-9ea7fa3cc192
[15:11:51:758] [INFO] - com.boot.test.common.interceptor.CheckTokenInterceptor.preHandle(CheckTokenInterceptor.java:41) - token认证通过： d0d72741-3a10-4f00-a372-9ea7fa3cc192
[15:11:52:439] [INFO] - com.boot.test.common.interceptor.CheckTokenInterceptor.preHandle(CheckTokenInterceptor.java:41) - token认证通过： d0d72741-3a10-4f00-a372-9ea7fa3cc192
[15:11:52:920] [INFO] - com.boot.test.common.interceptor.CheckTokenInterceptor.preHandle(CheckTokenInterceptor.java:41) - token认证通过： d0d72741-3a10-4f00-a372-9ea7fa3cc192
[15:12:04:771] [INFO] - net.sf.log4jdbc.log.log4j2.Log4j2SpyLogDelegator.sqlTimingOccurred(Log4j2SpyLogDelegator.java:243) - 5. /* ping */ SELECT 1  {executed in 0 ms}
[15:12:34:783] [INFO] - net.sf.log4jdbc.log.log4j2.Log4j2SpyLogDelegator.sqlTimingOccurred(Log4j2SpyLogDelegator.java:243) - 5. /* ping */ SELECT 1  {executed in 1 ms}
[15:13:04:792] [INFO] - net.sf.log4jdbc.log.log4j2.Log4j2SpyLogDelegator.sqlTimingOccurred(Log4j2SpyLogDelegator.java:243) - 5. /* ping */ SELECT 1  {executed in 1 ms}
[15:13:34:797] [INFO] - net.sf.log4jdbc.log.log4j2.Log4j2SpyLogDelegator.sqlTimingOccurred(Log4j2SpyLogDelegator.java:243) - 5. /* ping */ SELECT 1  {executed in 0 ms}
[15:14:04:807] [INFO] - net.sf.log4jdbc.log.log4j2.Log4j2SpyLogDelegator.sqlTimingOccurred(Log4j2SpyLogDelegator.java:243) - 5. /* ping */ SELECT 1  {executed in 1 ms}
[15:14:34:815] [INFO] - net.sf.log4jdbc.log.log4j2.Log4j2SpyLogDelegator.sqlTimingOccurred(Log4j2SpyLogDelegator.java:243) - 5. /* ping */ SELECT 1  {executed in 1 ms}
[15:15:04:819] [INFO] - net.sf.log4jdbc.log.log4j2.Log4j2SpyLogDelegator.sqlTimingOccurred(Log4j2SpyLogDelegator.java:243) - 5. /* ping */ SELECT 1  {executed in 0 ms}
[15:15:34:823] [INFO] - net.sf.log4jdbc.log.log4j2.Log4j2SpyLogDelegator.sqlTimingOccurred(Log4j2SpyLogDelegator.java:243) - 5. /* ping */ SELECT 1  {executed in 1 ms}
[15:16:04:828] [INFO] - net.sf.log4jdbc.log.log4j2.Log4j2SpyLogDelegator.sqlTimingOccurred(Log4j2SpyLogDelegator.java:243) - 5. /* ping */ SELECT 1  {executed in 0 ms}
[15:16:34:832] [INFO] - net.sf.log4jdbc.log.log4j2.Log4j2SpyLogDelegator.sqlTimingOccurred(Log4j2SpyLogDelegator.java:243) - 5. /* ping */ SELECT 1  {executed in 0 ms}
[15:17:04:837] [INFO] - net.sf.log4jdbc.log.log4j2.Log4j2SpyLogDelegator.sqlTimingOccurred(Log4j2SpyLogDelegator.java:243) - 5. /* ping */ SELECT 1  {executed in 1 ms}
[15:17:34:841] [INFO] - net.sf.log4jdbc.log.log4j2.Log4j2SpyLogDelegator.sqlTimingOccurred(Log4j2SpyLogDelegator.java:243) - 5. /* ping */ SELECT 1  {executed in 0 ms}
[15:18:04:848] [INFO] - net.sf.log4jdbc.log.log4j2.Log4j2SpyLogDelegator.sqlTimingOccurred(Log4j2SpyLogDelegator.java:243) - 5. /* ping */ SELECT 1  {executed in 1 ms}
[15:18:34:857] [INFO] - net.sf.log4jdbc.log.log4j2.Log4j2SpyLogDelegator.sqlTimingOccurred(Log4j2SpyLogDelegator.java:243) - 5. /* ping */ SELECT 1  {executed in 0 ms}
[15:19:04:866] [INFO] - net.sf.log4jdbc.log.log4j2.Log4j2SpyLogDelegator.sqlTimingOccurred(Log4j2SpyLogDelegator.java:243) - 5. /* ping */ SELECT 1  {executed in 0 ms}
[15:19:34:871] [INFO] - net.sf.log4jdbc.log.log4j2.Log4j2SpyLogDelegator.sqlTimingOccurred(Log4j2SpyLogDelegator.java:243) - 5. /* ping */ SELECT 1  {executed in 0 ms}
[15:20:04:875] [INFO] - net.sf.log4jdbc.log.log4j2.Log4j2SpyLogDelegator.sqlTimingOccurred(Log4j2SpyLogDelegator.java:243) - 5. /* ping */ SELECT 1  {executed in 0 ms}
[15:20:34:879] [INFO] - net.sf.log4jdbc.log.log4j2.Log4j2SpyLogDelegator.sqlTimingOccurred(Log4j2SpyLogDelegator.java:243) - 5. /* ping */ SELECT 1  {executed in 0 ms}
[15:21:04:884] [INFO] - net.sf.log4jdbc.log.log4j2.Log4j2SpyLogDelegator.sqlTimingOccurred(Log4j2SpyLogDelegator.java:243) - 5. /* ping */ SELECT 1  {executed in 1 ms}
[15:21:34:888] [INFO] - net.sf.log4jdbc.log.log4j2.Log4j2SpyLogDelegator.sqlTimingOccurred(Log4j2SpyLogDelegator.java:243) - 5. /* ping */ SELECT 1  {executed in 0 ms}
