[17:32:01:107] [INFO] - org.springframework.boot.StartupInfoLogger.logStarting(StartupInfoLogger.java:50) - Starting RedisTest on DESKTOP-VQGHUL9 with PID 10204 (started by zhu in D:\bootProduct\best-pay-sdk-develop\poi2)
[17:32:01:258] [INFO] - org.springframework.boot.SpringApplication.logStartupProfileInfo(SpringApplication.java:663) - The following profiles are active: dev
[17:32:15:086] [INFO] - net.sf.log4jdbc.log.log4j2.Log4j2SpyLogDelegator.sqlTimingOccurred(Log4j2SpyLogDelegator.java:243) - 1. SELECT 1 FROM DUAL  {executed in 1 ms}
[17:32:15:134] [INFO] - net.sf.log4jdbc.log.log4j2.Log4j2SpyLogDelegator.sqlTimingOccurred(Log4j2SpyLogDelegator.java:243) - 2. SELECT 1 FROM DUAL  {executed in 0 ms}
[17:32:15:165] [INFO] - net.sf.log4jdbc.log.log4j2.Log4j2SpyLogDelegator.sqlTimingOccurred(Log4j2SpyLogDelegator.java:243) - 3. SELECT 1 FROM DUAL  {executed in 0 ms}
[17:32:15:195] [INFO] - net.sf.log4jdbc.log.log4j2.Log4j2SpyLogDelegator.sqlTimingOccurred(Log4j2SpyLogDelegator.java:243) - 4. SELECT 1 FROM DUAL  {executed in 0 ms}
[17:32:15:209] [INFO] - net.sf.log4jdbc.log.log4j2.Log4j2SpyLogDelegator.sqlTimingOccurred(Log4j2SpyLogDelegator.java:243) - 5. SELECT 1 FROM DUAL  {executed in 0 ms}
[17:32:31:177] [ERROR] - org.springframework.amqp.rabbit.listener.AbstractMessageListenerContainer.redeclareElementsIfNecessary(AbstractMessageListenerContainer.java:1618) - Failed to check/redeclare auto-delete queue(s).
org.springframework.amqp.AmqpConnectException: java.net.ConnectException: Connection refused: connect
	at org.springframework.amqp.rabbit.support.RabbitExceptionTranslator.convertRabbitAccessException(RabbitExceptionTranslator.java:62) ~[spring-rabbit-2.0.4.RELEASE.jar:2.0.4.RELEASE]
	at org.springframework.amqp.rabbit.connection.AbstractConnectionFactory.createBareConnection(AbstractConnectionFactory.java:476) ~[spring-rabbit-2.0.4.RELEASE.jar:2.0.4.RELEASE]
	at org.springframework.amqp.rabbit.connection.CachingConnectionFactory.createConnection(CachingConnectionFactory.java:614) ~[spring-rabbit-2.0.4.RELEASE.jar:2.0.4.RELEASE]
	at org.springframework.amqp.rabbit.connection.ConnectionFactoryUtils.createConnection(ConnectionFactoryUtils.java:240) ~[spring-rabbit-2.0.4.RELEASE.jar:2.0.4.RELEASE]
	at org.springframework.amqp.rabbit.core.RabbitTemplate.doExecute(RabbitTemplate.java:1797) ~[spring-rabbit-2.0.4.RELEASE.jar:2.0.4.RELEASE]
	at org.springframework.amqp.rabbit.core.RabbitTemplate.execute(RabbitTemplate.java:1771) ~[spring-rabbit-2.0.4.RELEASE.jar:2.0.4.RELEASE]
	at org.springframework.amqp.rabbit.core.RabbitTemplate.execute(RabbitTemplate.java:1752) ~[spring-rabbit-2.0.4.RELEASE.jar:2.0.4.RELEASE]
	at org.springframework.amqp.rabbit.core.RabbitAdmin.getQueueProperties(RabbitAdmin.java:345) ~[spring-rabbit-2.0.4.RELEASE.jar:2.0.4.RELEASE]
	at org.springframework.amqp.rabbit.listener.AbstractMessageListenerContainer.redeclareElementsIfNecessary(AbstractMessageListenerContainer.java:1604) [spring-rabbit-2.0.4.RELEASE.jar:2.0.4.RELEASE]
	at org.springframework.amqp.rabbit.listener.SimpleMessageListenerContainer$AsyncMessageProcessingConsumer.run(SimpleMessageListenerContainer.java:995) [spring-rabbit-2.0.4.RELEASE.jar:2.0.4.RELEASE]
	at java.lang.Thread.run(Thread.java:748) [?:1.8.0_172]
Caused by: java.net.ConnectException: Connection refused: connect
	at java.net.DualStackPlainSocketImpl.waitForConnect(Native Method) ~[?:1.8.0_172]
	at java.net.DualStackPlainSocketImpl.socketConnect(DualStackPlainSocketImpl.java:85) ~[?:1.8.0_172]
	at java.net.AbstractPlainSocketImpl.doConnect(AbstractPlainSocketImpl.java:350) ~[?:1.8.0_172]
	at java.net.AbstractPlainSocketImpl.connectToAddress(AbstractPlainSocketImpl.java:206) ~[?:1.8.0_172]
	at java.net.AbstractPlainSocketImpl.connect(AbstractPlainSocketImpl.java:188) ~[?:1.8.0_172]
	at java.net.PlainSocketImpl.connect(PlainSocketImpl.java:172) ~[?:1.8.0_172]
	at java.net.SocksSocketImpl.connect(SocksSocketImpl.java:392) ~[?:1.8.0_172]
	at java.net.Socket.connect(Socket.java:589) ~[?:1.8.0_172]
	at com.rabbitmq.client.impl.SocketFrameHandlerFactory.create(SocketFrameHandlerFactory.java:60) ~[amqp-client-5.1.2.jar:5.1.2]
	at com.rabbitmq.client.ConnectionFactory.newConnection(ConnectionFactory.java:955) ~[amqp-client-5.1.2.jar:5.1.2]
	at com.rabbitmq.client.ConnectionFactory.newConnection(ConnectionFactory.java:907) ~[amqp-client-5.1.2.jar:5.1.2]
	at com.rabbitmq.client.ConnectionFactory.newConnection(ConnectionFactory.java:847) ~[amqp-client-5.1.2.jar:5.1.2]
	at org.springframework.amqp.rabbit.connection.AbstractConnectionFactory.createBareConnection(AbstractConnectionFactory.java:449) ~[spring-rabbit-2.0.4.RELEASE.jar:2.0.4.RELEASE]
	... 9 more
[17:32:35:235] [ERROR] - org.springframework.amqp.rabbit.listener.AbstractMessageListenerContainer.redeclareElementsIfNecessary(AbstractMessageListenerContainer.java:1618) - Failed to check/redeclare auto-delete queue(s).
org.springframework.amqp.AmqpConnectException: java.net.ConnectException: Connection refused: connect
	at org.springframework.amqp.rabbit.support.RabbitExceptionTranslator.convertRabbitAccessException(RabbitExceptionTranslator.java:62) ~[spring-rabbit-2.0.4.RELEASE.jar:2.0.4.RELEASE]
	at org.springframework.amqp.rabbit.connection.AbstractConnectionFactory.createBareConnection(AbstractConnectionFactory.java:476) ~[spring-rabbit-2.0.4.RELEASE.jar:2.0.4.RELEASE]
	at org.springframework.amqp.rabbit.connection.CachingConnectionFactory.createConnection(CachingConnectionFactory.java:614) ~[spring-rabbit-2.0.4.RELEASE.jar:2.0.4.RELEASE]
	at org.springframework.amqp.rabbit.connection.ConnectionFactoryUtils.createConnection(ConnectionFactoryUtils.java:240) ~[spring-rabbit-2.0.4.RELEASE.jar:2.0.4.RELEASE]
	at org.springframework.amqp.rabbit.core.RabbitTemplate.doExecute(RabbitTemplate.java:1797) ~[spring-rabbit-2.0.4.RELEASE.jar:2.0.4.RELEASE]
	at org.springframework.amqp.rabbit.core.RabbitTemplate.execute(RabbitTemplate.java:1771) ~[spring-rabbit-2.0.4.RELEASE.jar:2.0.4.RELEASE]
	at org.springframework.amqp.rabbit.core.RabbitTemplate.execute(RabbitTemplate.java:1752) ~[spring-rabbit-2.0.4.RELEASE.jar:2.0.4.RELEASE]
	at org.springframework.amqp.rabbit.core.RabbitAdmin.getQueueProperties(RabbitAdmin.java:345) ~[spring-rabbit-2.0.4.RELEASE.jar:2.0.4.RELEASE]
	at org.springframework.amqp.rabbit.listener.AbstractMessageListenerContainer.redeclareElementsIfNecessary(AbstractMessageListenerContainer.java:1604) [spring-rabbit-2.0.4.RELEASE.jar:2.0.4.RELEASE]
	at org.springframework.amqp.rabbit.listener.SimpleMessageListenerContainer$AsyncMessageProcessingConsumer.run(SimpleMessageListenerContainer.java:995) [spring-rabbit-2.0.4.RELEASE.jar:2.0.4.RELEASE]
	at java.lang.Thread.run(Thread.java:748) [?:1.8.0_172]
Caused by: java.net.ConnectException: Connection refused: connect
	at java.net.DualStackPlainSocketImpl.waitForConnect(Native Method) ~[?:1.8.0_172]
	at java.net.DualStackPlainSocketImpl.socketConnect(DualStackPlainSocketImpl.java:85) ~[?:1.8.0_172]
	at java.net.AbstractPlainSocketImpl.doConnect(AbstractPlainSocketImpl.java:350) ~[?:1.8.0_172]
	at java.net.AbstractPlainSocketImpl.connectToAddress(AbstractPlainSocketImpl.java:206) ~[?:1.8.0_172]
	at java.net.AbstractPlainSocketImpl.connect(AbstractPlainSocketImpl.java:188) ~[?:1.8.0_172]
	at java.net.PlainSocketImpl.connect(PlainSocketImpl.java:172) ~[?:1.8.0_172]
	at java.net.SocksSocketImpl.connect(SocksSocketImpl.java:392) ~[?:1.8.0_172]
	at java.net.Socket.connect(Socket.java:589) ~[?:1.8.0_172]
	at com.rabbitmq.client.impl.SocketFrameHandlerFactory.create(SocketFrameHandlerFactory.java:60) ~[amqp-client-5.1.2.jar:5.1.2]
	at com.rabbitmq.client.ConnectionFactory.newConnection(ConnectionFactory.java:955) ~[amqp-client-5.1.2.jar:5.1.2]
	at com.rabbitmq.client.ConnectionFactory.newConnection(ConnectionFactory.java:907) ~[amqp-client-5.1.2.jar:5.1.2]
	at com.rabbitmq.client.ConnectionFactory.newConnection(ConnectionFactory.java:847) ~[amqp-client-5.1.2.jar:5.1.2]
	at org.springframework.amqp.rabbit.connection.AbstractConnectionFactory.createBareConnection(AbstractConnectionFactory.java:449) ~[spring-rabbit-2.0.4.RELEASE.jar:2.0.4.RELEASE]
	... 9 more
[17:32:39:254] [ERROR] - org.springframework.amqp.rabbit.listener.AbstractMessageListenerContainer.redeclareElementsIfNecessary(AbstractMessageListenerContainer.java:1618) - Failed to check/redeclare auto-delete queue(s).
org.springframework.amqp.AmqpConnectException: java.net.ConnectException: Connection refused: connect
	at org.springframework.amqp.rabbit.support.RabbitExceptionTranslator.convertRabbitAccessException(RabbitExceptionTranslator.java:62) ~[spring-rabbit-2.0.4.RELEASE.jar:2.0.4.RELEASE]
	at org.springframework.amqp.rabbit.connection.AbstractConnectionFactory.createBareConnection(AbstractConnectionFactory.java:476) ~[spring-rabbit-2.0.4.RELEASE.jar:2.0.4.RELEASE]
	at org.springframework.amqp.rabbit.connection.CachingConnectionFactory.createConnection(CachingConnectionFactory.java:614) ~[spring-rabbit-2.0.4.RELEASE.jar:2.0.4.RELEASE]
	at org.springframework.amqp.rabbit.connection.ConnectionFactoryUtils.createConnection(ConnectionFactoryUtils.java:240) ~[spring-rabbit-2.0.4.RELEASE.jar:2.0.4.RELEASE]
	at org.springframework.amqp.rabbit.core.RabbitTemplate.doExecute(RabbitTemplate.java:1797) ~[spring-rabbit-2.0.4.RELEASE.jar:2.0.4.RELEASE]
	at org.springframework.amqp.rabbit.core.RabbitTemplate.execute(RabbitTemplate.java:1771) ~[spring-rabbit-2.0.4.RELEASE.jar:2.0.4.RELEASE]
	at org.springframework.amqp.rabbit.core.RabbitTemplate.execute(RabbitTemplate.java:1752) ~[spring-rabbit-2.0.4.RELEASE.jar:2.0.4.RELEASE]
	at org.springframework.amqp.rabbit.core.RabbitAdmin.getQueueProperties(RabbitAdmin.java:345) ~[spring-rabbit-2.0.4.RELEASE.jar:2.0.4.RELEASE]
	at org.springframework.amqp.rabbit.listener.AbstractMessageListenerContainer.redeclareElementsIfNecessary(AbstractMessageListenerContainer.java:1604) [spring-rabbit-2.0.4.RELEASE.jar:2.0.4.RELEASE]
	at org.springframework.amqp.rabbit.listener.SimpleMessageListenerContainer$AsyncMessageProcessingConsumer.run(SimpleMessageListenerContainer.java:995) [spring-rabbit-2.0.4.RELEASE.jar:2.0.4.RELEASE]
	at java.lang.Thread.run(Thread.java:748) [?:1.8.0_172]
Caused by: java.net.ConnectException: Connection refused: connect
	at java.net.DualStackPlainSocketImpl.waitForConnect(Native Method) ~[?:1.8.0_172]
	at java.net.DualStackPlainSocketImpl.socketConnect(DualStackPlainSocketImpl.java:85) ~[?:1.8.0_172]
	at java.net.AbstractPlainSocketImpl.doConnect(AbstractPlainSocketImpl.java:350) ~[?:1.8.0_172]
	at java.net.AbstractPlainSocketImpl.connectToAddress(AbstractPlainSocketImpl.java:206) ~[?:1.8.0_172]
	at java.net.AbstractPlainSocketImpl.connect(AbstractPlainSocketImpl.java:188) ~[?:1.8.0_172]
	at java.net.PlainSocketImpl.connect(PlainSocketImpl.java:172) ~[?:1.8.0_172]
	at java.net.SocksSocketImpl.connect(SocksSocketImpl.java:392) ~[?:1.8.0_172]
	at java.net.Socket.connect(Socket.java:589) ~[?:1.8.0_172]
	at com.rabbitmq.client.impl.SocketFrameHandlerFactory.create(SocketFrameHandlerFactory.java:60) ~[amqp-client-5.1.2.jar:5.1.2]
	at com.rabbitmq.client.ConnectionFactory.newConnection(ConnectionFactory.java:955) ~[amqp-client-5.1.2.jar:5.1.2]
	at com.rabbitmq.client.ConnectionFactory.newConnection(ConnectionFactory.java:907) ~[amqp-client-5.1.2.jar:5.1.2]
	at com.rabbitmq.client.ConnectionFactory.newConnection(ConnectionFactory.java:847) ~[amqp-client-5.1.2.jar:5.1.2]
	at org.springframework.amqp.rabbit.connection.AbstractConnectionFactory.createBareConnection(AbstractConnectionFactory.java:449) ~[spring-rabbit-2.0.4.RELEASE.jar:2.0.4.RELEASE]
	... 9 more
[17:32:41:444] [ERROR] - org.springframework.amqp.rabbit.listener.AbstractMessageListenerContainer.redeclareElementsIfNecessary(AbstractMessageListenerContainer.java:1618) - Failed to check/redeclare auto-delete queue(s).
org.springframework.amqp.AmqpConnectException: java.net.ConnectException: Connection refused: connect
	at org.springframework.amqp.rabbit.support.RabbitExceptionTranslator.convertRabbitAccessException(RabbitExceptionTranslator.java:62) ~[spring-rabbit-2.0.4.RELEASE.jar:2.0.4.RELEASE]
	at org.springframework.amqp.rabbit.connection.AbstractConnectionFactory.createBareConnection(AbstractConnectionFactory.java:476) ~[spring-rabbit-2.0.4.RELEASE.jar:2.0.4.RELEASE]
	at org.springframework.amqp.rabbit.connection.CachingConnectionFactory.createConnection(CachingConnectionFactory.java:614) ~[spring-rabbit-2.0.4.RELEASE.jar:2.0.4.RELEASE]
	at org.springframework.amqp.rabbit.connection.ConnectionFactoryUtils.createConnection(ConnectionFactoryUtils.java:240) ~[spring-rabbit-2.0.4.RELEASE.jar:2.0.4.RELEASE]
	at org.springframework.amqp.rabbit.core.RabbitTemplate.doExecute(RabbitTemplate.java:1797) ~[spring-rabbit-2.0.4.RELEASE.jar:2.0.4.RELEASE]
	at org.springframework.amqp.rabbit.core.RabbitTemplate.execute(RabbitTemplate.java:1771) ~[spring-rabbit-2.0.4.RELEASE.jar:2.0.4.RELEASE]
	at org.springframework.amqp.rabbit.core.RabbitTemplate.execute(RabbitTemplate.java:1752) ~[spring-rabbit-2.0.4.RELEASE.jar:2.0.4.RELEASE]
	at org.springframework.amqp.rabbit.core.RabbitAdmin.getQueueProperties(RabbitAdmin.java:345) ~[spring-rabbit-2.0.4.RELEASE.jar:2.0.4.RELEASE]
	at org.springframework.amqp.rabbit.listener.AbstractMessageListenerContainer.redeclareElementsIfNecessary(AbstractMessageListenerContainer.java:1604) [spring-rabbit-2.0.4.RELEASE.jar:2.0.4.RELEASE]
	at org.springframework.amqp.rabbit.listener.SimpleMessageListenerContainer$AsyncMessageProcessingConsumer.run(SimpleMessageListenerContainer.java:995) [spring-rabbit-2.0.4.RELEASE.jar:2.0.4.RELEASE]
	at java.lang.Thread.run(Thread.java:748) [?:1.8.0_172]
Caused by: java.net.ConnectException: Connection refused: connect
	at java.net.DualStackPlainSocketImpl.waitForConnect(Native Method) ~[?:1.8.0_172]
	at java.net.DualStackPlainSocketImpl.socketConnect(DualStackPlainSocketImpl.java:85) ~[?:1.8.0_172]
	at java.net.AbstractPlainSocketImpl.doConnect(AbstractPlainSocketImpl.java:350) ~[?:1.8.0_172]
	at java.net.AbstractPlainSocketImpl.connectToAddress(AbstractPlainSocketImpl.java:206) ~[?:1.8.0_172]
	at java.net.AbstractPlainSocketImpl.connect(AbstractPlainSocketImpl.java:188) ~[?:1.8.0_172]
	at java.net.PlainSocketImpl.connect(PlainSocketImpl.java:172) ~[?:1.8.0_172]
	at java.net.SocksSocketImpl.connect(SocksSocketImpl.java:392) ~[?:1.8.0_172]
	at java.net.Socket.connect(Socket.java:589) ~[?:1.8.0_172]
	at com.rabbitmq.client.impl.SocketFrameHandlerFactory.create(SocketFrameHandlerFactory.java:60) ~[amqp-client-5.1.2.jar:5.1.2]
	at com.rabbitmq.client.ConnectionFactory.newConnection(ConnectionFactory.java:955) ~[amqp-client-5.1.2.jar:5.1.2]
	at com.rabbitmq.client.ConnectionFactory.newConnection(ConnectionFactory.java:907) ~[amqp-client-5.1.2.jar:5.1.2]
	at com.rabbitmq.client.ConnectionFactory.newConnection(ConnectionFactory.java:847) ~[amqp-client-5.1.2.jar:5.1.2]
	at org.springframework.amqp.rabbit.connection.AbstractConnectionFactory.createBareConnection(AbstractConnectionFactory.java:449) ~[spring-rabbit-2.0.4.RELEASE.jar:2.0.4.RELEASE]
	... 9 more
[17:32:45:461] [ERROR] - org.springframework.amqp.rabbit.listener.AbstractMessageListenerContainer.redeclareElementsIfNecessary(AbstractMessageListenerContainer.java:1618) - Failed to check/redeclare auto-delete queue(s).
org.springframework.amqp.AmqpConnectException: java.net.ConnectException: Connection refused: connect
	at org.springframework.amqp.rabbit.support.RabbitExceptionTranslator.convertRabbitAccessException(RabbitExceptionTranslator.java:62) ~[spring-rabbit-2.0.4.RELEASE.jar:2.0.4.RELEASE]
	at org.springframework.amqp.rabbit.connection.AbstractConnectionFactory.createBareConnection(AbstractConnectionFactory.java:476) ~[spring-rabbit-2.0.4.RELEASE.jar:2.0.4.RELEASE]
	at org.springframework.amqp.rabbit.connection.CachingConnectionFactory.createConnection(CachingConnectionFactory.java:614) ~[spring-rabbit-2.0.4.RELEASE.jar:2.0.4.RELEASE]
	at org.springframework.amqp.rabbit.connection.ConnectionFactoryUtils.createConnection(ConnectionFactoryUtils.java:240) ~[spring-rabbit-2.0.4.RELEASE.jar:2.0.4.RELEASE]
	at org.springframework.amqp.rabbit.core.RabbitTemplate.doExecute(RabbitTemplate.java:1797) ~[spring-rabbit-2.0.4.RELEASE.jar:2.0.4.RELEASE]
	at org.springframework.amqp.rabbit.core.RabbitTemplate.execute(RabbitTemplate.java:1771) ~[spring-rabbit-2.0.4.RELEASE.jar:2.0.4.RELEASE]
	at org.springframework.amqp.rabbit.core.RabbitTemplate.execute(RabbitTemplate.java:1752) ~[spring-rabbit-2.0.4.RELEASE.jar:2.0.4.RELEASE]
	at org.springframework.amqp.rabbit.core.RabbitAdmin.getQueueProperties(RabbitAdmin.java:345) ~[spring-rabbit-2.0.4.RELEASE.jar:2.0.4.RELEASE]
	at org.springframework.amqp.rabbit.listener.AbstractMessageListenerContainer.redeclareElementsIfNecessary(AbstractMessageListenerContainer.java:1604) [spring-rabbit-2.0.4.RELEASE.jar:2.0.4.RELEASE]
	at org.springframework.amqp.rabbit.listener.SimpleMessageListenerContainer$AsyncMessageProcessingConsumer.run(SimpleMessageListenerContainer.java:995) [spring-rabbit-2.0.4.RELEASE.jar:2.0.4.RELEASE]
	at java.lang.Thread.run(Thread.java:748) [?:1.8.0_172]
Caused by: java.net.ConnectException: Connection refused: connect
	at java.net.DualStackPlainSocketImpl.waitForConnect(Native Method) ~[?:1.8.0_172]
	at java.net.DualStackPlainSocketImpl.socketConnect(DualStackPlainSocketImpl.java:85) ~[?:1.8.0_172]
	at java.net.AbstractPlainSocketImpl.doConnect(AbstractPlainSocketImpl.java:350) ~[?:1.8.0_172]
	at java.net.AbstractPlainSocketImpl.connectToAddress(AbstractPlainSocketImpl.java:206) ~[?:1.8.0_172]
	at java.net.AbstractPlainSocketImpl.connect(AbstractPlainSocketImpl.java:188) ~[?:1.8.0_172]
	at java.net.PlainSocketImpl.connect(PlainSocketImpl.java:172) ~[?:1.8.0_172]
	at java.net.SocksSocketImpl.connect(SocksSocketImpl.java:392) ~[?:1.8.0_172]
	at java.net.Socket.connect(Socket.java:589) ~[?:1.8.0_172]
	at com.rabbitmq.client.impl.SocketFrameHandlerFactory.create(SocketFrameHandlerFactory.java:60) ~[amqp-client-5.1.2.jar:5.1.2]
	at com.rabbitmq.client.ConnectionFactory.newConnection(ConnectionFactory.java:955) ~[amqp-client-5.1.2.jar:5.1.2]
	at com.rabbitmq.client.ConnectionFactory.newConnection(ConnectionFactory.java:907) ~[amqp-client-5.1.2.jar:5.1.2]
	at com.rabbitmq.client.ConnectionFactory.newConnection(ConnectionFactory.java:847) ~[amqp-client-5.1.2.jar:5.1.2]
	at org.springframework.amqp.rabbit.connection.AbstractConnectionFactory.createBareConnection(AbstractConnectionFactory.java:449) ~[spring-rabbit-2.0.4.RELEASE.jar:2.0.4.RELEASE]
	... 9 more
[17:32:51:471] [ERROR] - org.springframework.amqp.rabbit.listener.AbstractMessageListenerContainer.redeclareElementsIfNecessary(AbstractMessageListenerContainer.java:1618) - Failed to check/redeclare auto-delete queue(s).
org.springframework.amqp.AmqpConnectException: java.net.ConnectException: Connection refused: connect
	at org.springframework.amqp.rabbit.support.RabbitExceptionTranslator.convertRabbitAccessException(RabbitExceptionTranslator.java:62) ~[spring-rabbit-2.0.4.RELEASE.jar:2.0.4.RELEASE]
	at org.springframework.amqp.rabbit.connection.AbstractConnectionFactory.createBareConnection(AbstractConnectionFactory.java:476) ~[spring-rabbit-2.0.4.RELEASE.jar:2.0.4.RELEASE]
	at org.springframework.amqp.rabbit.connection.CachingConnectionFactory.createConnection(CachingConnectionFactory.java:614) ~[spring-rabbit-2.0.4.RELEASE.jar:2.0.4.RELEASE]
	at org.springframework.amqp.rabbit.connection.ConnectionFactoryUtils.createConnection(ConnectionFactoryUtils.java:240) ~[spring-rabbit-2.0.4.RELEASE.jar:2.0.4.RELEASE]
	at org.springframework.amqp.rabbit.core.RabbitTemplate.doExecute(RabbitTemplate.java:1797) ~[spring-rabbit-2.0.4.RELEASE.jar:2.0.4.RELEASE]
	at org.springframework.amqp.rabbit.core.RabbitTemplate.execute(RabbitTemplate.java:1771) ~[spring-rabbit-2.0.4.RELEASE.jar:2.0.4.RELEASE]
	at org.springframework.amqp.rabbit.core.RabbitTemplate.execute(RabbitTemplate.java:1752) ~[spring-rabbit-2.0.4.RELEASE.jar:2.0.4.RELEASE]
	at org.springframework.amqp.rabbit.core.RabbitAdmin.getQueueProperties(RabbitAdmin.java:345) ~[spring-rabbit-2.0.4.RELEASE.jar:2.0.4.RELEASE]
	at org.springframework.amqp.rabbit.listener.AbstractMessageListenerContainer.redeclareElementsIfNecessary(AbstractMessageListenerContainer.java:1604) [spring-rabbit-2.0.4.RELEASE.jar:2.0.4.RELEASE]
	at org.springframework.amqp.rabbit.listener.SimpleMessageListenerContainer$AsyncMessageProcessingConsumer.run(SimpleMessageListenerContainer.java:995) [spring-rabbit-2.0.4.RELEASE.jar:2.0.4.RELEASE]
	at java.lang.Thread.run(Thread.java:748) [?:1.8.0_172]
Caused by: java.net.ConnectException: Connection refused: connect
	at java.net.DualStackPlainSocketImpl.waitForConnect(Native Method) ~[?:1.8.0_172]
	at java.net.DualStackPlainSocketImpl.socketConnect(DualStackPlainSocketImpl.java:85) ~[?:1.8.0_172]
	at java.net.AbstractPlainSocketImpl.doConnect(AbstractPlainSocketImpl.java:350) ~[?:1.8.0_172]
	at java.net.AbstractPlainSocketImpl.connectToAddress(AbstractPlainSocketImpl.java:206) ~[?:1.8.0_172]
	at java.net.AbstractPlainSocketImpl.connect(AbstractPlainSocketImpl.java:188) ~[?:1.8.0_172]
	at java.net.PlainSocketImpl.connect(PlainSocketImpl.java:172) ~[?:1.8.0_172]
	at java.net.SocksSocketImpl.connect(SocksSocketImpl.java:392) ~[?:1.8.0_172]
	at java.net.Socket.connect(Socket.java:589) ~[?:1.8.0_172]
	at com.rabbitmq.client.impl.SocketFrameHandlerFactory.create(SocketFrameHandlerFactory.java:60) ~[amqp-client-5.1.2.jar:5.1.2]
	at com.rabbitmq.client.ConnectionFactory.newConnection(ConnectionFactory.java:955) ~[amqp-client-5.1.2.jar:5.1.2]
	at com.rabbitmq.client.ConnectionFactory.newConnection(ConnectionFactory.java:907) ~[amqp-client-5.1.2.jar:5.1.2]
	at com.rabbitmq.client.ConnectionFactory.newConnection(ConnectionFactory.java:847) ~[amqp-client-5.1.2.jar:5.1.2]
	at org.springframework.amqp.rabbit.connection.AbstractConnectionFactory.createBareConnection(AbstractConnectionFactory.java:449) ~[spring-rabbit-2.0.4.RELEASE.jar:2.0.4.RELEASE]
	... 9 more
[17:32:53:477] [ERROR] - org.springframework.amqp.rabbit.listener.AbstractMessageListenerContainer.redeclareElementsIfNecessary(AbstractMessageListenerContainer.java:1618) - Failed to check/redeclare auto-delete queue(s).
org.springframework.amqp.AmqpConnectException: java.net.ConnectException: Connection refused: connect
	at org.springframework.amqp.rabbit.support.RabbitExceptionTranslator.convertRabbitAccessException(RabbitExceptionTranslator.java:62) ~[spring-rabbit-2.0.4.RELEASE.jar:2.0.4.RELEASE]
	at org.springframework.amqp.rabbit.connection.AbstractConnectionFactory.createBareConnection(AbstractConnectionFactory.java:476) ~[spring-rabbit-2.0.4.RELEASE.jar:2.0.4.RELEASE]
	at org.springframework.amqp.rabbit.connection.CachingConnectionFactory.createConnection(CachingConnectionFactory.java:614) ~[spring-rabbit-2.0.4.RELEASE.jar:2.0.4.RELEASE]
	at org.springframework.amqp.rabbit.connection.ConnectionFactoryUtils.createConnection(ConnectionFactoryUtils.java:240) ~[spring-rabbit-2.0.4.RELEASE.jar:2.0.4.RELEASE]
	at org.springframework.amqp.rabbit.core.RabbitTemplate.doExecute(RabbitTemplate.java:1797) ~[spring-rabbit-2.0.4.RELEASE.jar:2.0.4.RELEASE]
	at org.springframework.amqp.rabbit.core.RabbitTemplate.execute(RabbitTemplate.java:1771) ~[spring-rabbit-2.0.4.RELEASE.jar:2.0.4.RELEASE]
	at org.springframework.amqp.rabbit.core.RabbitTemplate.execute(RabbitTemplate.java:1752) ~[spring-rabbit-2.0.4.RELEASE.jar:2.0.4.RELEASE]
	at org.springframework.amqp.rabbit.core.RabbitAdmin.getQueueProperties(RabbitAdmin.java:345) ~[spring-rabbit-2.0.4.RELEASE.jar:2.0.4.RELEASE]
	at org.springframework.amqp.rabbit.listener.AbstractMessageListenerContainer.redeclareElementsIfNecessary(AbstractMessageListenerContainer.java:1604) [spring-rabbit-2.0.4.RELEASE.jar:2.0.4.RELEASE]
	at org.springframework.amqp.rabbit.listener.SimpleMessageListenerContainer$AsyncMessageProcessingConsumer.run(SimpleMessageListenerContainer.java:995) [spring-rabbit-2.0.4.RELEASE.jar:2.0.4.RELEASE]
	at java.lang.Thread.run(Thread.java:748) [?:1.8.0_172]
Caused by: java.net.ConnectException: Connection refused: connect
	at java.net.DualStackPlainSocketImpl.waitForConnect(Native Method) ~[?:1.8.0_172]
	at java.net.DualStackPlainSocketImpl.socketConnect(DualStackPlainSocketImpl.java:85) ~[?:1.8.0_172]
	at java.net.AbstractPlainSocketImpl.doConnect(AbstractPlainSocketImpl.java:350) ~[?:1.8.0_172]
	at java.net.AbstractPlainSocketImpl.connectToAddress(AbstractPlainSocketImpl.java:206) ~[?:1.8.0_172]
	at java.net.AbstractPlainSocketImpl.connect(AbstractPlainSocketImpl.java:188) ~[?:1.8.0_172]
	at java.net.PlainSocketImpl.connect(PlainSocketImpl.java:172) ~[?:1.8.0_172]
	at java.net.SocksSocketImpl.connect(SocksSocketImpl.java:392) ~[?:1.8.0_172]
	at java.net.Socket.connect(Socket.java:589) ~[?:1.8.0_172]
	at com.rabbitmq.client.impl.SocketFrameHandlerFactory.create(SocketFrameHandlerFactory.java:60) ~[amqp-client-5.1.2.jar:5.1.2]
	at com.rabbitmq.client.ConnectionFactory.newConnection(ConnectionFactory.java:955) ~[amqp-client-5.1.2.jar:5.1.2]
	at com.rabbitmq.client.ConnectionFactory.newConnection(ConnectionFactory.java:907) ~[amqp-client-5.1.2.jar:5.1.2]
	at com.rabbitmq.client.ConnectionFactory.newConnection(ConnectionFactory.java:847) ~[amqp-client-5.1.2.jar:5.1.2]
	at org.springframework.amqp.rabbit.connection.AbstractConnectionFactory.createBareConnection(AbstractConnectionFactory.java:449) ~[spring-rabbit-2.0.4.RELEASE.jar:2.0.4.RELEASE]
	... 9 more
[17:32:55:483] [ERROR] - org.springframework.amqp.rabbit.listener.AbstractMessageListenerContainer.redeclareElementsIfNecessary(AbstractMessageListenerContainer.java:1618) - Failed to check/redeclare auto-delete queue(s).
org.springframework.amqp.AmqpConnectException: java.net.ConnectException: Connection refused: connect
	at org.springframework.amqp.rabbit.support.RabbitExceptionTranslator.convertRabbitAccessException(RabbitExceptionTranslator.java:62) ~[spring-rabbit-2.0.4.RELEASE.jar:2.0.4.RELEASE]
	at org.springframework.amqp.rabbit.connection.AbstractConnectionFactory.createBareConnection(AbstractConnectionFactory.java:476) ~[spring-rabbit-2.0.4.RELEASE.jar:2.0.4.RELEASE]
	at org.springframework.amqp.rabbit.connection.CachingConnectionFactory.createConnection(CachingConnectionFactory.java:614) ~[spring-rabbit-2.0.4.RELEASE.jar:2.0.4.RELEASE]
	at org.springframework.amqp.rabbit.connection.ConnectionFactoryUtils.createConnection(ConnectionFactoryUtils.java:240) ~[spring-rabbit-2.0.4.RELEASE.jar:2.0.4.RELEASE]
	at org.springframework.amqp.rabbit.core.RabbitTemplate.doExecute(RabbitTemplate.java:1797) ~[spring-rabbit-2.0.4.RELEASE.jar:2.0.4.RELEASE]
	at org.springframework.amqp.rabbit.core.RabbitTemplate.execute(RabbitTemplate.java:1771) ~[spring-rabbit-2.0.4.RELEASE.jar:2.0.4.RELEASE]
	at org.springframework.amqp.rabbit.core.RabbitTemplate.execute(RabbitTemplate.java:1752) ~[spring-rabbit-2.0.4.RELEASE.jar:2.0.4.RELEASE]
	at org.springframework.amqp.rabbit.core.RabbitAdmin.getQueueProperties(RabbitAdmin.java:345) ~[spring-rabbit-2.0.4.RELEASE.jar:2.0.4.RELEASE]
	at org.springframework.amqp.rabbit.listener.AbstractMessageListenerContainer.redeclareElementsIfNecessary(AbstractMessageListenerContainer.java:1604) [spring-rabbit-2.0.4.RELEASE.jar:2.0.4.RELEASE]
	at org.springframework.amqp.rabbit.listener.SimpleMessageListenerContainer$AsyncMessageProcessingConsumer.run(SimpleMessageListenerContainer.java:995) [spring-rabbit-2.0.4.RELEASE.jar:2.0.4.RELEASE]
	at java.lang.Thread.run(Thread.java:748) [?:1.8.0_172]
Caused by: java.net.ConnectException: Connection refused: connect
	at java.net.DualStackPlainSocketImpl.waitForConnect(Native Method) ~[?:1.8.0_172]
	at java.net.DualStackPlainSocketImpl.socketConnect(DualStackPlainSocketImpl.java:85) ~[?:1.8.0_172]
	at java.net.AbstractPlainSocketImpl.doConnect(AbstractPlainSocketImpl.java:350) ~[?:1.8.0_172]
	at java.net.AbstractPlainSocketImpl.connectToAddress(AbstractPlainSocketImpl.java:206) ~[?:1.8.0_172]
	at java.net.AbstractPlainSocketImpl.connect(AbstractPlainSocketImpl.java:188) ~[?:1.8.0_172]
	at java.net.PlainSocketImpl.connect(PlainSocketImpl.java:172) ~[?:1.8.0_172]
	at java.net.SocksSocketImpl.connect(SocksSocketImpl.java:392) ~[?:1.8.0_172]
	at java.net.Socket.connect(Socket.java:589) ~[?:1.8.0_172]
	at com.rabbitmq.client.impl.SocketFrameHandlerFactory.create(SocketFrameHandlerFactory.java:60) ~[amqp-client-5.1.2.jar:5.1.2]
	at com.rabbitmq.client.ConnectionFactory.newConnection(ConnectionFactory.java:955) ~[amqp-client-5.1.2.jar:5.1.2]
	at com.rabbitmq.client.ConnectionFactory.newConnection(ConnectionFactory.java:907) ~[amqp-client-5.1.2.jar:5.1.2]
	at com.rabbitmq.client.ConnectionFactory.newConnection(ConnectionFactory.java:847) ~[amqp-client-5.1.2.jar:5.1.2]
	at org.springframework.amqp.rabbit.connection.AbstractConnectionFactory.createBareConnection(AbstractConnectionFactory.java:449) ~[spring-rabbit-2.0.4.RELEASE.jar:2.0.4.RELEASE]
	... 9 more
[17:33:01:492] [ERROR] - org.springframework.amqp.rabbit.listener.AbstractMessageListenerContainer.redeclareElementsIfNecessary(AbstractMessageListenerContainer.java:1618) - Failed to check/redeclare auto-delete queue(s).
org.springframework.amqp.AmqpConnectException: java.net.ConnectException: Connection refused: connect
	at org.springframework.amqp.rabbit.support.RabbitExceptionTranslator.convertRabbitAccessException(RabbitExceptionTranslator.java:62) ~[spring-rabbit-2.0.4.RELEASE.jar:2.0.4.RELEASE]
	at org.springframework.amqp.rabbit.connection.AbstractConnectionFactory.createBareConnection(AbstractConnectionFactory.java:476) ~[spring-rabbit-2.0.4.RELEASE.jar:2.0.4.RELEASE]
	at org.springframework.amqp.rabbit.connection.CachingConnectionFactory.createConnection(CachingConnectionFactory.java:614) ~[spring-rabbit-2.0.4.RELEASE.jar:2.0.4.RELEASE]
	at org.springframework.amqp.rabbit.connection.ConnectionFactoryUtils.createConnection(ConnectionFactoryUtils.java:240) ~[spring-rabbit-2.0.4.RELEASE.jar:2.0.4.RELEASE]
	at org.springframework.amqp.rabbit.core.RabbitTemplate.doExecute(RabbitTemplate.java:1797) ~[spring-rabbit-2.0.4.RELEASE.jar:2.0.4.RELEASE]
	at org.springframework.amqp.rabbit.core.RabbitTemplate.execute(RabbitTemplate.java:1771) ~[spring-rabbit-2.0.4.RELEASE.jar:2.0.4.RELEASE]
	at org.springframework.amqp.rabbit.core.RabbitTemplate.execute(RabbitTemplate.java:1752) ~[spring-rabbit-2.0.4.RELEASE.jar:2.0.4.RELEASE]
	at org.springframework.amqp.rabbit.core.RabbitAdmin.getQueueProperties(RabbitAdmin.java:345) ~[spring-rabbit-2.0.4.RELEASE.jar:2.0.4.RELEASE]
	at org.springframework.amqp.rabbit.listener.AbstractMessageListenerContainer.redeclareElementsIfNecessary(AbstractMessageListenerContainer.java:1604) [spring-rabbit-2.0.4.RELEASE.jar:2.0.4.RELEASE]
	at org.springframework.amqp.rabbit.listener.SimpleMessageListenerContainer$AsyncMessageProcessingConsumer.run(SimpleMessageListenerContainer.java:995) [spring-rabbit-2.0.4.RELEASE.jar:2.0.4.RELEASE]
	at java.lang.Thread.run(Thread.java:748) [?:1.8.0_172]
Caused by: java.net.ConnectException: Connection refused: connect
	at java.net.DualStackPlainSocketImpl.waitForConnect(Native Method) ~[?:1.8.0_172]
	at java.net.DualStackPlainSocketImpl.socketConnect(DualStackPlainSocketImpl.java:85) ~[?:1.8.0_172]
	at java.net.AbstractPlainSocketImpl.doConnect(AbstractPlainSocketImpl.java:350) ~[?:1.8.0_172]
	at java.net.AbstractPlainSocketImpl.connectToAddress(AbstractPlainSocketImpl.java:206) ~[?:1.8.0_172]
	at java.net.AbstractPlainSocketImpl.connect(AbstractPlainSocketImpl.java:188) ~[?:1.8.0_172]
	at java.net.PlainSocketImpl.connect(PlainSocketImpl.java:172) ~[?:1.8.0_172]
	at java.net.SocksSocketImpl.connect(SocksSocketImpl.java:392) ~[?:1.8.0_172]
	at java.net.Socket.connect(Socket.java:589) ~[?:1.8.0_172]
	at com.rabbitmq.client.impl.SocketFrameHandlerFactory.create(SocketFrameHandlerFactory.java:60) ~[amqp-client-5.1.2.jar:5.1.2]
	at com.rabbitmq.client.ConnectionFactory.newConnection(ConnectionFactory.java:955) ~[amqp-client-5.1.2.jar:5.1.2]
	at com.rabbitmq.client.ConnectionFactory.newConnection(ConnectionFactory.java:907) ~[amqp-client-5.1.2.jar:5.1.2]
	at com.rabbitmq.client.ConnectionFactory.newConnection(ConnectionFactory.java:847) ~[amqp-client-5.1.2.jar:5.1.2]
	at org.springframework.amqp.rabbit.connection.AbstractConnectionFactory.createBareConnection(AbstractConnectionFactory.java:449) ~[spring-rabbit-2.0.4.RELEASE.jar:2.0.4.RELEASE]
	... 9 more
[17:33:05:498] [ERROR] - org.springframework.amqp.rabbit.listener.AbstractMessageListenerContainer.redeclareElementsIfNecessary(AbstractMessageListenerContainer.java:1618) - Failed to check/redeclare auto-delete queue(s).
org.springframework.amqp.AmqpConnectException: java.net.ConnectException: Connection refused: connect
	at org.springframework.amqp.rabbit.support.RabbitExceptionTranslator.convertRabbitAccessException(RabbitExceptionTranslator.java:62) ~[spring-rabbit-2.0.4.RELEASE.jar:2.0.4.RELEASE]
	at org.springframework.amqp.rabbit.connection.AbstractConnectionFactory.createBareConnection(AbstractConnectionFactory.java:476) ~[spring-rabbit-2.0.4.RELEASE.jar:2.0.4.RELEASE]
	at org.springframework.amqp.rabbit.connection.CachingConnectionFactory.createConnection(CachingConnectionFactory.java:614) ~[spring-rabbit-2.0.4.RELEASE.jar:2.0.4.RELEASE]
	at org.springframework.amqp.rabbit.connection.ConnectionFactoryUtils.createConnection(ConnectionFactoryUtils.java:240) ~[spring-rabbit-2.0.4.RELEASE.jar:2.0.4.RELEASE]
	at org.springframework.amqp.rabbit.core.RabbitTemplate.doExecute(RabbitTemplate.java:1797) ~[spring-rabbit-2.0.4.RELEASE.jar:2.0.4.RELEASE]
	at org.springframework.amqp.rabbit.core.RabbitTemplate.execute(RabbitTemplate.java:1771) ~[spring-rabbit-2.0.4.RELEASE.jar:2.0.4.RELEASE]
	at org.springframework.amqp.rabbit.core.RabbitTemplate.execute(RabbitTemplate.java:1752) ~[spring-rabbit-2.0.4.RELEASE.jar:2.0.4.RELEASE]
	at org.springframework.amqp.rabbit.core.RabbitAdmin.getQueueProperties(RabbitAdmin.java:345) ~[spring-rabbit-2.0.4.RELEASE.jar:2.0.4.RELEASE]
	at org.springframework.amqp.rabbit.listener.AbstractMessageListenerContainer.redeclareElementsIfNecessary(AbstractMessageListenerContainer.java:1604) [spring-rabbit-2.0.4.RELEASE.jar:2.0.4.RELEASE]
	at org.springframework.amqp.rabbit.listener.SimpleMessageListenerContainer$AsyncMessageProcessingConsumer.run(SimpleMessageListenerContainer.java:995) [spring-rabbit-2.0.4.RELEASE.jar:2.0.4.RELEASE]
	at java.lang.Thread.run(Thread.java:748) [?:1.8.0_172]
Caused by: java.net.ConnectException: Connection refused: connect
	at java.net.DualStackPlainSocketImpl.waitForConnect(Native Method) ~[?:1.8.0_172]
	at java.net.DualStackPlainSocketImpl.socketConnect(DualStackPlainSocketImpl.java:85) ~[?:1.8.0_172]
	at java.net.AbstractPlainSocketImpl.doConnect(AbstractPlainSocketImpl.java:350) ~[?:1.8.0_172]
	at java.net.AbstractPlainSocketImpl.connectToAddress(AbstractPlainSocketImpl.java:206) ~[?:1.8.0_172]
	at java.net.AbstractPlainSocketImpl.connect(AbstractPlainSocketImpl.java:188) ~[?:1.8.0_172]
	at java.net.PlainSocketImpl.connect(PlainSocketImpl.java:172) ~[?:1.8.0_172]
	at java.net.SocksSocketImpl.connect(SocksSocketImpl.java:392) ~[?:1.8.0_172]
	at java.net.Socket.connect(Socket.java:589) ~[?:1.8.0_172]
	at com.rabbitmq.client.impl.SocketFrameHandlerFactory.create(SocketFrameHandlerFactory.java:60) ~[amqp-client-5.1.2.jar:5.1.2]
	at com.rabbitmq.client.ConnectionFactory.newConnection(ConnectionFactory.java:955) ~[amqp-client-5.1.2.jar:5.1.2]
	at com.rabbitmq.client.ConnectionFactory.newConnection(ConnectionFactory.java:907) ~[amqp-client-5.1.2.jar:5.1.2]
	at com.rabbitmq.client.ConnectionFactory.newConnection(ConnectionFactory.java:847) ~[amqp-client-5.1.2.jar:5.1.2]
	at org.springframework.amqp.rabbit.connection.AbstractConnectionFactory.createBareConnection(AbstractConnectionFactory.java:449) ~[spring-rabbit-2.0.4.RELEASE.jar:2.0.4.RELEASE]
	... 9 more
[17:33:09:506] [ERROR] - org.springframework.amqp.rabbit.listener.AbstractMessageListenerContainer.redeclareElementsIfNecessary(AbstractMessageListenerContainer.java:1618) - Failed to check/redeclare auto-delete queue(s).
org.springframework.amqp.AmqpConnectException: java.net.ConnectException: Connection refused: connect
	at org.springframework.amqp.rabbit.support.RabbitExceptionTranslator.convertRabbitAccessException(RabbitExceptionTranslator.java:62) ~[spring-rabbit-2.0.4.RELEASE.jar:2.0.4.RELEASE]
	at org.springframework.amqp.rabbit.connection.AbstractConnectionFactory.createBareConnection(AbstractConnectionFactory.java:476) ~[spring-rabbit-2.0.4.RELEASE.jar:2.0.4.RELEASE]
	at org.springframework.amqp.rabbit.connection.CachingConnectionFactory.createConnection(CachingConnectionFactory.java:614) ~[spring-rabbit-2.0.4.RELEASE.jar:2.0.4.RELEASE]
	at org.springframework.amqp.rabbit.connection.ConnectionFactoryUtils.createConnection(ConnectionFactoryUtils.java:240) ~[spring-rabbit-2.0.4.RELEASE.jar:2.0.4.RELEASE]
	at org.springframework.amqp.rabbit.core.RabbitTemplate.doExecute(RabbitTemplate.java:1797) ~[spring-rabbit-2.0.4.RELEASE.jar:2.0.4.RELEASE]
	at org.springframework.amqp.rabbit.core.RabbitTemplate.execute(RabbitTemplate.java:1771) ~[spring-rabbit-2.0.4.RELEASE.jar:2.0.4.RELEASE]
	at org.springframework.amqp.rabbit.core.RabbitTemplate.execute(RabbitTemplate.java:1752) ~[spring-rabbit-2.0.4.RELEASE.jar:2.0.4.RELEASE]
	at org.springframework.amqp.rabbit.core.RabbitAdmin.getQueueProperties(RabbitAdmin.java:345) ~[spring-rabbit-2.0.4.RELEASE.jar:2.0.4.RELEASE]
	at org.springframework.amqp.rabbit.listener.AbstractMessageListenerContainer.redeclareElementsIfNecessary(AbstractMessageListenerContainer.java:1604) [spring-rabbit-2.0.4.RELEASE.jar:2.0.4.RELEASE]
	at org.springframework.amqp.rabbit.listener.SimpleMessageListenerContainer$AsyncMessageProcessingConsumer.run(SimpleMessageListenerContainer.java:995) [spring-rabbit-2.0.4.RELEASE.jar:2.0.4.RELEASE]
	at java.lang.Thread.run(Thread.java:748) [?:1.8.0_172]
Caused by: java.net.ConnectException: Connection refused: connect
	at java.net.DualStackPlainSocketImpl.waitForConnect(Native Method) ~[?:1.8.0_172]
	at java.net.DualStackPlainSocketImpl.socketConnect(DualStackPlainSocketImpl.java:85) ~[?:1.8.0_172]
	at java.net.AbstractPlainSocketImpl.doConnect(AbstractPlainSocketImpl.java:350) ~[?:1.8.0_172]
	at java.net.AbstractPlainSocketImpl.connectToAddress(AbstractPlainSocketImpl.java:206) ~[?:1.8.0_172]
	at java.net.AbstractPlainSocketImpl.connect(AbstractPlainSocketImpl.java:188) ~[?:1.8.0_172]
	at java.net.PlainSocketImpl.connect(PlainSocketImpl.java:172) ~[?:1.8.0_172]
	at java.net.SocksSocketImpl.connect(SocksSocketImpl.java:392) ~[?:1.8.0_172]
	at java.net.Socket.connect(Socket.java:589) ~[?:1.8.0_172]
	at com.rabbitmq.client.impl.SocketFrameHandlerFactory.create(SocketFrameHandlerFactory.java:60) ~[amqp-client-5.1.2.jar:5.1.2]
	at com.rabbitmq.client.ConnectionFactory.newConnection(ConnectionFactory.java:955) ~[amqp-client-5.1.2.jar:5.1.2]
	at com.rabbitmq.client.ConnectionFactory.newConnection(ConnectionFactory.java:907) ~[amqp-client-5.1.2.jar:5.1.2]
	at com.rabbitmq.client.ConnectionFactory.newConnection(ConnectionFactory.java:847) ~[amqp-client-5.1.2.jar:5.1.2]
	at org.springframework.amqp.rabbit.connection.AbstractConnectionFactory.createBareConnection(AbstractConnectionFactory.java:449) ~[spring-rabbit-2.0.4.RELEASE.jar:2.0.4.RELEASE]
	... 9 more
[17:33:11:510] [ERROR] - org.springframework.amqp.rabbit.listener.AbstractMessageListenerContainer.redeclareElementsIfNecessary(AbstractMessageListenerContainer.java:1618) - Failed to check/redeclare auto-delete queue(s).
org.springframework.amqp.AmqpConnectException: java.net.ConnectException: Connection refused: connect
	at org.springframework.amqp.rabbit.support.RabbitExceptionTranslator.convertRabbitAccessException(RabbitExceptionTranslator.java:62) ~[spring-rabbit-2.0.4.RELEASE.jar:2.0.4.RELEASE]
	at org.springframework.amqp.rabbit.connection.AbstractConnectionFactory.createBareConnection(AbstractConnectionFactory.java:476) ~[spring-rabbit-2.0.4.RELEASE.jar:2.0.4.RELEASE]
	at org.springframework.amqp.rabbit.connection.CachingConnectionFactory.createConnection(CachingConnectionFactory.java:614) ~[spring-rabbit-2.0.4.RELEASE.jar:2.0.4.RELEASE]
	at org.springframework.amqp.rabbit.connection.ConnectionFactoryUtils.createConnection(ConnectionFactoryUtils.java:240) ~[spring-rabbit-2.0.4.RELEASE.jar:2.0.4.RELEASE]
	at org.springframework.amqp.rabbit.core.RabbitTemplate.doExecute(RabbitTemplate.java:1797) ~[spring-rabbit-2.0.4.RELEASE.jar:2.0.4.RELEASE]
	at org.springframework.amqp.rabbit.core.RabbitTemplate.execute(RabbitTemplate.java:1771) ~[spring-rabbit-2.0.4.RELEASE.jar:2.0.4.RELEASE]
	at org.springframework.amqp.rabbit.core.RabbitTemplate.execute(RabbitTemplate.java:1752) ~[spring-rabbit-2.0.4.RELEASE.jar:2.0.4.RELEASE]
	at org.springframework.amqp.rabbit.core.RabbitAdmin.getQueueProperties(RabbitAdmin.java:345) ~[spring-rabbit-2.0.4.RELEASE.jar:2.0.4.RELEASE]
	at org.springframework.amqp.rabbit.listener.AbstractMessageListenerContainer.redeclareElementsIfNecessary(AbstractMessageListenerContainer.java:1604) [spring-rabbit-2.0.4.RELEASE.jar:2.0.4.RELEASE]
	at org.springframework.amqp.rabbit.listener.SimpleMessageListenerContainer$AsyncMessageProcessingConsumer.run(SimpleMessageListenerContainer.java:995) [spring-rabbit-2.0.4.RELEASE.jar:2.0.4.RELEASE]
	at java.lang.Thread.run(Thread.java:748) [?:1.8.0_172]
Caused by: java.net.ConnectException: Connection refused: connect
	at java.net.DualStackPlainSocketImpl.waitForConnect(Native Method) ~[?:1.8.0_172]
	at java.net.DualStackPlainSocketImpl.socketConnect(DualStackPlainSocketImpl.java:85) ~[?:1.8.0_172]
	at java.net.AbstractPlainSocketImpl.doConnect(AbstractPlainSocketImpl.java:350) ~[?:1.8.0_172]
	at java.net.AbstractPlainSocketImpl.connectToAddress(AbstractPlainSocketImpl.java:206) ~[?:1.8.0_172]
	at java.net.AbstractPlainSocketImpl.connect(AbstractPlainSocketImpl.java:188) ~[?:1.8.0_172]
	at java.net.PlainSocketImpl.connect(PlainSocketImpl.java:172) ~[?:1.8.0_172]
	at java.net.SocksSocketImpl.connect(SocksSocketImpl.java:392) ~[?:1.8.0_172]
	at java.net.Socket.connect(Socket.java:589) ~[?:1.8.0_172]
	at com.rabbitmq.client.impl.SocketFrameHandlerFactory.create(SocketFrameHandlerFactory.java:60) ~[amqp-client-5.1.2.jar:5.1.2]
	at com.rabbitmq.client.ConnectionFactory.newConnection(ConnectionFactory.java:955) ~[amqp-client-5.1.2.jar:5.1.2]
	at com.rabbitmq.client.ConnectionFactory.newConnection(ConnectionFactory.java:907) ~[amqp-client-5.1.2.jar:5.1.2]
	at com.rabbitmq.client.ConnectionFactory.newConnection(ConnectionFactory.java:847) ~[amqp-client-5.1.2.jar:5.1.2]
	at org.springframework.amqp.rabbit.connection.AbstractConnectionFactory.createBareConnection(AbstractConnectionFactory.java:449) ~[spring-rabbit-2.0.4.RELEASE.jar:2.0.4.RELEASE]
	... 9 more
[17:33:15:515] [ERROR] - org.springframework.amqp.rabbit.listener.AbstractMessageListenerContainer.redeclareElementsIfNecessary(AbstractMessageListenerContainer.java:1618) - Failed to check/redeclare auto-delete queue(s).
org.springframework.amqp.AmqpConnectException: java.net.ConnectException: Connection refused: connect
	at org.springframework.amqp.rabbit.support.RabbitExceptionTranslator.convertRabbitAccessException(RabbitExceptionTranslator.java:62) ~[spring-rabbit-2.0.4.RELEASE.jar:2.0.4.RELEASE]
	at org.springframework.amqp.rabbit.connection.AbstractConnectionFactory.createBareConnection(AbstractConnectionFactory.java:476) ~[spring-rabbit-2.0.4.RELEASE.jar:2.0.4.RELEASE]
	at org.springframework.amqp.rabbit.connection.CachingConnectionFactory.createConnection(CachingConnectionFactory.java:614) ~[spring-rabbit-2.0.4.RELEASE.jar:2.0.4.RELEASE]
	at org.springframework.amqp.rabbit.connection.ConnectionFactoryUtils.createConnection(ConnectionFactoryUtils.java:240) ~[spring-rabbit-2.0.4.RELEASE.jar:2.0.4.RELEASE]
	at org.springframework.amqp.rabbit.core.RabbitTemplate.doExecute(RabbitTemplate.java:1797) ~[spring-rabbit-2.0.4.RELEASE.jar:2.0.4.RELEASE]
	at org.springframework.amqp.rabbit.core.RabbitTemplate.execute(RabbitTemplate.java:1771) ~[spring-rabbit-2.0.4.RELEASE.jar:2.0.4.RELEASE]
	at org.springframework.amqp.rabbit.core.RabbitTemplate.execute(RabbitTemplate.java:1752) ~[spring-rabbit-2.0.4.RELEASE.jar:2.0.4.RELEASE]
	at org.springframework.amqp.rabbit.core.RabbitAdmin.getQueueProperties(RabbitAdmin.java:345) ~[spring-rabbit-2.0.4.RELEASE.jar:2.0.4.RELEASE]
	at org.springframework.amqp.rabbit.listener.AbstractMessageListenerContainer.redeclareElementsIfNecessary(AbstractMessageListenerContainer.java:1604) [spring-rabbit-2.0.4.RELEASE.jar:2.0.4.RELEASE]
	at org.springframework.amqp.rabbit.listener.SimpleMessageListenerContainer$AsyncMessageProcessingConsumer.run(SimpleMessageListenerContainer.java:995) [spring-rabbit-2.0.4.RELEASE.jar:2.0.4.RELEASE]
	at java.lang.Thread.run(Thread.java:748) [?:1.8.0_172]
Caused by: java.net.ConnectException: Connection refused: connect
	at java.net.DualStackPlainSocketImpl.waitForConnect(Native Method) ~[?:1.8.0_172]
	at java.net.DualStackPlainSocketImpl.socketConnect(DualStackPlainSocketImpl.java:85) ~[?:1.8.0_172]
	at java.net.AbstractPlainSocketImpl.doConnect(AbstractPlainSocketImpl.java:350) ~[?:1.8.0_172]
	at java.net.AbstractPlainSocketImpl.connectToAddress(AbstractPlainSocketImpl.java:206) ~[?:1.8.0_172]
	at java.net.AbstractPlainSocketImpl.connect(AbstractPlainSocketImpl.java:188) ~[?:1.8.0_172]
	at java.net.PlainSocketImpl.connect(PlainSocketImpl.java:172) ~[?:1.8.0_172]
	at java.net.SocksSocketImpl.connect(SocksSocketImpl.java:392) ~[?:1.8.0_172]
	at java.net.Socket.connect(Socket.java:589) ~[?:1.8.0_172]
	at com.rabbitmq.client.impl.SocketFrameHandlerFactory.create(SocketFrameHandlerFactory.java:60) ~[amqp-client-5.1.2.jar:5.1.2]
	at com.rabbitmq.client.ConnectionFactory.newConnection(ConnectionFactory.java:955) ~[amqp-client-5.1.2.jar:5.1.2]
	at com.rabbitmq.client.ConnectionFactory.newConnection(ConnectionFactory.java:907) ~[amqp-client-5.1.2.jar:5.1.2]
	at com.rabbitmq.client.ConnectionFactory.newConnection(ConnectionFactory.java:847) ~[amqp-client-5.1.2.jar:5.1.2]
	at org.springframework.amqp.rabbit.connection.AbstractConnectionFactory.createBareConnection(AbstractConnectionFactory.java:449) ~[spring-rabbit-2.0.4.RELEASE.jar:2.0.4.RELEASE]
	... 9 more
[17:33:17:518] [ERROR] - org.springframework.amqp.rabbit.listener.AbstractMessageListenerContainer.redeclareElementsIfNecessary(AbstractMessageListenerContainer.java:1618) - Failed to check/redeclare auto-delete queue(s).
org.springframework.amqp.AmqpConnectException: java.net.ConnectException: Connection refused: connect
	at org.springframework.amqp.rabbit.support.RabbitExceptionTranslator.convertRabbitAccessException(RabbitExceptionTranslator.java:62) ~[spring-rabbit-2.0.4.RELEASE.jar:2.0.4.RELEASE]
	at org.springframework.amqp.rabbit.connection.AbstractConnectionFactory.createBareConnection(AbstractConnectionFactory.java:476) ~[spring-rabbit-2.0.4.RELEASE.jar:2.0.4.RELEASE]
	at org.springframework.amqp.rabbit.connection.CachingConnectionFactory.createConnection(CachingConnectionFactory.java:614) ~[spring-rabbit-2.0.4.RELEASE.jar:2.0.4.RELEASE]
	at org.springframework.amqp.rabbit.connection.ConnectionFactoryUtils.createConnection(ConnectionFactoryUtils.java:240) ~[spring-rabbit-2.0.4.RELEASE.jar:2.0.4.RELEASE]
	at org.springframework.amqp.rabbit.core.RabbitTemplate.doExecute(RabbitTemplate.java:1797) ~[spring-rabbit-2.0.4.RELEASE.jar:2.0.4.RELEASE]
	at org.springframework.amqp.rabbit.core.RabbitTemplate.execute(RabbitTemplate.java:1771) ~[spring-rabbit-2.0.4.RELEASE.jar:2.0.4.RELEASE]
	at org.springframework.amqp.rabbit.core.RabbitTemplate.execute(RabbitTemplate.java:1752) ~[spring-rabbit-2.0.4.RELEASE.jar:2.0.4.RELEASE]
	at org.springframework.amqp.rabbit.core.RabbitAdmin.getQueueProperties(RabbitAdmin.java:345) ~[spring-rabbit-2.0.4.RELEASE.jar:2.0.4.RELEASE]
	at org.springframework.amqp.rabbit.listener.AbstractMessageListenerContainer.redeclareElementsIfNecessary(AbstractMessageListenerContainer.java:1604) [spring-rabbit-2.0.4.RELEASE.jar:2.0.4.RELEASE]
	at org.springframework.amqp.rabbit.listener.SimpleMessageListenerContainer$AsyncMessageProcessingConsumer.run(SimpleMessageListenerContainer.java:995) [spring-rabbit-2.0.4.RELEASE.jar:2.0.4.RELEASE]
	at java.lang.Thread.run(Thread.java:748) [?:1.8.0_172]
Caused by: java.net.ConnectException: Connection refused: connect
	at java.net.DualStackPlainSocketImpl.waitForConnect(Native Method) ~[?:1.8.0_172]
	at java.net.DualStackPlainSocketImpl.socketConnect(DualStackPlainSocketImpl.java:85) ~[?:1.8.0_172]
	at java.net.AbstractPlainSocketImpl.doConnect(AbstractPlainSocketImpl.java:350) ~[?:1.8.0_172]
	at java.net.AbstractPlainSocketImpl.connectToAddress(AbstractPlainSocketImpl.java:206) ~[?:1.8.0_172]
	at java.net.AbstractPlainSocketImpl.connect(AbstractPlainSocketImpl.java:188) ~[?:1.8.0_172]
	at java.net.PlainSocketImpl.connect(PlainSocketImpl.java:172) ~[?:1.8.0_172]
	at java.net.SocksSocketImpl.connect(SocksSocketImpl.java:392) ~[?:1.8.0_172]
	at java.net.Socket.connect(Socket.java:589) ~[?:1.8.0_172]
	at com.rabbitmq.client.impl.SocketFrameHandlerFactory.create(SocketFrameHandlerFactory.java:60) ~[amqp-client-5.1.2.jar:5.1.2]
	at com.rabbitmq.client.ConnectionFactory.newConnection(ConnectionFactory.java:955) ~[amqp-client-5.1.2.jar:5.1.2]
	at com.rabbitmq.client.ConnectionFactory.newConnection(ConnectionFactory.java:907) ~[amqp-client-5.1.2.jar:5.1.2]
	at com.rabbitmq.client.ConnectionFactory.newConnection(ConnectionFactory.java:847) ~[amqp-client-5.1.2.jar:5.1.2]
	at org.springframework.amqp.rabbit.connection.AbstractConnectionFactory.createBareConnection(AbstractConnectionFactory.java:449) ~[spring-rabbit-2.0.4.RELEASE.jar:2.0.4.RELEASE]
	... 9 more
[18:01:44:942] [INFO] - org.springframework.boot.StartupInfoLogger.logStarting(StartupInfoLogger.java:50) - Starting RedisTest on DESKTOP-VQGHUL9 with PID 6708 (started by zhu in D:\bootProduct\best-pay-sdk-develop\poi2)
[18:01:44:954] [INFO] - org.springframework.boot.SpringApplication.logStartupProfileInfo(SpringApplication.java:663) - The following profiles are active: dev
[18:01:50:934] [INFO] - net.sf.log4jdbc.log.log4j2.Log4j2SpyLogDelegator.sqlTimingOccurred(Log4j2SpyLogDelegator.java:243) - 1. SELECT 1 FROM DUAL  {executed in 1 ms}
[18:01:50:980] [INFO] - net.sf.log4jdbc.log.log4j2.Log4j2SpyLogDelegator.sqlTimingOccurred(Log4j2SpyLogDelegator.java:243) - 2. SELECT 1 FROM DUAL  {executed in 0 ms}
[18:01:51:045] [INFO] - net.sf.log4jdbc.log.log4j2.Log4j2SpyLogDelegator.sqlTimingOccurred(Log4j2SpyLogDelegator.java:243) - 3. SELECT 1 FROM DUAL  {executed in 0 ms}
[18:01:51:070] [INFO] - net.sf.log4jdbc.log.log4j2.Log4j2SpyLogDelegator.sqlTimingOccurred(Log4j2SpyLogDelegator.java:243) - 4. SELECT 1 FROM DUAL  {executed in 0 ms}
[18:01:51:108] [INFO] - net.sf.log4jdbc.log.log4j2.Log4j2SpyLogDelegator.sqlTimingOccurred(Log4j2SpyLogDelegator.java:243) - 5. SELECT 1 FROM DUAL  {executed in 17 ms}
[18:01:57:921] [INFO] - com.boot.test.common.scheduler.SchedulerManager.startAll(SchedulerManager.java:42) - ===================================
[18:01:57:990] [INFO] - com.boot.test.common.scheduler.SchedulerManager.startJob(SchedulerManager.java:170) - ========job1
[18:01:58:006] [INFO] - org.springframework.boot.StartupInfoLogger.logStarted(StartupInfoLogger.java:59) - Started RedisTest in 13.934 seconds (JVM running for 16.922)
[18:01:58:240] [ERROR] - org.springframework.test.context.TestContextManager.prepareTestInstance(TestContextManager.java:250) - Caught exception while allowing TestExecutionListener [org.springframework.boot.test.autoconfigure.SpringBootDependencyInjectionTestExecutionListener@63c99f7] to prepare test instance [com.boot.test.junit.RedisTest@7f012923]
org.springframework.beans.factory.UnsatisfiedDependencyException: Error creating bean with name 'com.boot.test.junit.RedisTest': Unsatisfied dependency expressed through field 'dao'; nested exception is org.springframework.beans.factory.NoSuchBeanDefinitionException: No qualifying bean of type 'com.boot.test.redis.RedisDao' available: expected at least 1 bean which qualifies as autowire candidate. Dependency annotations: {@org.springframework.beans.factory.annotation.Autowired(required=true), @org.springframework.beans.factory.annotation.Qualifier(value=myRedisDao)}
	at org.springframework.beans.factory.annotation.AutowiredAnnotationBeanPostProcessor$AutowiredFieldElement.inject(AutowiredAnnotationBeanPostProcessor.java:587) ~[spring-beans-5.0.7.RELEASE.jar:5.0.7.RELEASE]
	at org.springframework.beans.factory.annotation.InjectionMetadata.inject(InjectionMetadata.java:91) ~[spring-beans-5.0.7.RELEASE.jar:5.0.7.RELEASE]
	at org.springframework.beans.factory.annotation.AutowiredAnnotationBeanPostProcessor.postProcessPropertyValues(AutowiredAnnotationBeanPostProcessor.java:373) ~[spring-beans-5.0.7.RELEASE.jar:5.0.7.RELEASE]
	at org.springframework.beans.factory.support.AbstractAutowireCapableBeanFactory.populateBean(AbstractAutowireCapableBeanFactory.java:1350) ~[spring-beans-5.0.7.RELEASE.jar:5.0.7.RELEASE]
	at org.springframework.beans.factory.support.AbstractAutowireCapableBeanFactory.autowireBeanProperties(AbstractAutowireCapableBeanFactory.java:401) ~[spring-beans-5.0.7.RELEASE.jar:5.0.7.RELEASE]
	at org.springframework.test.context.support.DependencyInjectionTestExecutionListener.injectDependencies(DependencyInjectionTestExecutionListener.java:118) ~[spring-test-5.0.7.RELEASE.jar:5.0.7.RELEASE]
	at org.springframework.test.context.support.DependencyInjectionTestExecutionListener.prepareTestInstance(DependencyInjectionTestExecutionListener.java:83) ~[spring-test-5.0.7.RELEASE.jar:5.0.7.RELEASE]
	at org.springframework.boot.test.autoconfigure.SpringBootDependencyInjectionTestExecutionListener.prepareTestInstance(SpringBootDependencyInjectionTestExecutionListener.java:44) ~[spring-boot-test-autoconfigure-2.0.3.RELEASE.jar:2.0.3.RELEASE]
	at org.springframework.test.context.TestContextManager.prepareTestInstance(TestContextManager.java:246) [spring-test-5.0.7.RELEASE.jar:5.0.7.RELEASE]
	at org.springframework.test.context.junit4.SpringJUnit4ClassRunner.createTest(SpringJUnit4ClassRunner.java:227) [spring-test-5.0.7.RELEASE.jar:5.0.7.RELEASE]
	at org.springframework.test.context.junit4.SpringJUnit4ClassRunner$1.runReflectiveCall(SpringJUnit4ClassRunner.java:289) [spring-test-5.0.7.RELEASE.jar:5.0.7.RELEASE]
	at org.junit.internal.runners.model.ReflectiveCallable.run(ReflectiveCallable.java:12) [junit-4.12.jar:4.12]
	at org.springframework.test.context.junit4.SpringJUnit4ClassRunner.methodBlock(SpringJUnit4ClassRunner.java:291) [spring-test-5.0.7.RELEASE.jar:5.0.7.RELEASE]
	at org.springframework.test.context.junit4.SpringJUnit4ClassRunner.runChild(SpringJUnit4ClassRunner.java:246) [spring-test-5.0.7.RELEASE.jar:5.0.7.RELEASE]
	at org.springframework.test.context.junit4.SpringJUnit4ClassRunner.runChild(SpringJUnit4ClassRunner.java:97) [spring-test-5.0.7.RELEASE.jar:5.0.7.RELEASE]
	at org.junit.runners.ParentRunner$3.run(ParentRunner.java:290) [junit-4.12.jar:4.12]
	at org.junit.runners.ParentRunner$1.schedule(ParentRunner.java:71) [junit-4.12.jar:4.12]
	at org.junit.runners.ParentRunner.runChildren(ParentRunner.java:288) [junit-4.12.jar:4.12]
	at org.junit.runners.ParentRunner.access$000(ParentRunner.java:58) [junit-4.12.jar:4.12]
	at org.junit.runners.ParentRunner$2.evaluate(ParentRunner.java:268) [junit-4.12.jar:4.12]
	at org.springframework.test.context.junit4.statements.RunBeforeTestClassCallbacks.evaluate(RunBeforeTestClassCallbacks.java:61) [spring-test-5.0.7.RELEASE.jar:5.0.7.RELEASE]
	at org.springframework.test.context.junit4.statements.RunAfterTestClassCallbacks.evaluate(RunAfterTestClassCallbacks.java:70) [spring-test-5.0.7.RELEASE.jar:5.0.7.RELEASE]
	at org.junit.runners.ParentRunner.run(ParentRunner.java:363) [junit-4.12.jar:4.12]
	at org.springframework.test.context.junit4.SpringJUnit4ClassRunner.run(SpringJUnit4ClassRunner.java:190) [spring-test-5.0.7.RELEASE.jar:5.0.7.RELEASE]
	at org.junit.runner.JUnitCore.run(JUnitCore.java:137) [junit-4.12.jar:4.12]
	at com.intellij.junit4.JUnit4IdeaTestRunner.startRunnerWithArgs(JUnit4IdeaTestRunner.java:68) [junit-rt.jar:?]
	at com.intellij.rt.execution.junit.IdeaTestRunner$Repeater.startRunnerWithArgs(IdeaTestRunner.java:47) [junit-rt.jar:?]
	at com.intellij.rt.execution.junit.JUnitStarter.prepareStreamsAndStart(JUnitStarter.java:242) [junit-rt.jar:?]
	at com.intellij.rt.execution.junit.JUnitStarter.main(JUnitStarter.java:70) [junit-rt.jar:?]
Caused by: org.springframework.beans.factory.NoSuchBeanDefinitionException: No qualifying bean of type 'com.boot.test.redis.RedisDao' available: expected at least 1 bean which qualifies as autowire candidate. Dependency annotations: {@org.springframework.beans.factory.annotation.Autowired(required=true), @org.springframework.beans.factory.annotation.Qualifier(value=myRedisDao)}
	at org.springframework.beans.factory.support.DefaultListableBeanFactory.raiseNoMatchingBeanFound(DefaultListableBeanFactory.java:1509) ~[spring-beans-5.0.7.RELEASE.jar:5.0.7.RELEASE]
	at org.springframework.beans.factory.support.DefaultListableBeanFactory.doResolveDependency(DefaultListableBeanFactory.java:1104) ~[spring-beans-5.0.7.RELEASE.jar:5.0.7.RELEASE]
	at org.springframework.beans.factory.support.DefaultListableBeanFactory.resolveDependency(DefaultListableBeanFactory.java:1065) ~[spring-beans-5.0.7.RELEASE.jar:5.0.7.RELEASE]
	at org.springframework.beans.factory.annotation.AutowiredAnnotationBeanPostProcessor$AutowiredFieldElement.inject(AutowiredAnnotationBeanPostProcessor.java:584) ~[spring-beans-5.0.7.RELEASE.jar:5.0.7.RELEASE]
	... 28 more
