[08-17 14:07:22.064 INFO com.boot.test.Application]             restartedMain: Starting Application on DESKTOP-VQGHUL9 with PID 7896 (D:\bootProduct\best-pay-sdk-develop\poi2\target\classes started by zhu in D:\bootProduct\best-pay-sdk-develop\poi2)
[08-17 14:07:22.077 INFO com.boot.test.Application]             restartedMain: The following profiles are active: dev
[08-17 14:07:22.154 INFO bServerApplicationContext]             restartedMain: Refreshing org.springframework.boot.web.servlet.context.AnnotationConfigServletWebServerApplicationContext@7986535b: startup date [Fri Aug 17 14:07:22 CST 2018]; root of context hierarchy
[08-17 14:07:25.015 INFO ed.tomcat.TomcatWebServer]             restartedMain: Tomcat initialized with port(s): 8080 (http)
[08-17 14:07:25.278 INFO web.context.ContextLoader]     localhost-startStop-1: Root WebApplicationContext: initialization completed in 3131 ms
[08-17 14:07:25.600 INFO t.ServletRegistrationBean]     localhost-startStop-1: Servlet dispatcherServlet mapped to [/]
[08-17 14:07:25.602 INFO t.ServletRegistrationBean]     localhost-startStop-1: Servlet statViewServlet mapped to [/druid/*]
[08-17 14:07:25.607 INFO et.FilterRegistrationBean]     localhost-startStop-1: Mapping filter: 'characterEncodingFilter' to: [/*]
[08-17 14:07:25.608 INFO et.FilterRegistrationBean]     localhost-startStop-1: Mapping filter: 'hiddenHttpMethodFilter' to: [/*]
[08-17 14:07:25.609 INFO et.FilterRegistrationBean]     localhost-startStop-1: Mapping filter: 'httpPutFormContentFilter' to: [/*]
[08-17 14:07:25.609 INFO et.FilterRegistrationBean]     localhost-startStop-1: Mapping filter: 'requestContextFilter' to: [/*]
[08-17 14:07:25.609 INFO et.FilterRegistrationBean]     localhost-startStop-1: Mapping filter: 'webStatFilter' to urls: [/*]
[08-17 14:07:25.729 INFO idDataSourceAutoConfigure]             restartedMain: Init DruidDataSource
[08-17 14:07:26.657 INFO ruid.pool.DruidDataSource]             restartedMain: {dataSource-1} inited
[08-17 14:07:27.143 INFO r.SimpleUrlHandlerMapping]             restartedMain: Mapped URL path [/**/favicon.ico] onto handler of type [class org.springframework.web.servlet.resource.ResourceHttpRequestHandler]
[08-17 14:07:27.412 INFO uestMappingHandlerAdapter]             restartedMain: Looking for @ControllerAdvice: org.springframework.boot.web.servlet.context.AnnotationConfigServletWebServerApplicationContext@7986535b: startup date [Fri Aug 17 14:07:22 CST 2018]; root of context hierarchy
[08-17 14:07:27.469 INFO uestMappingHandlerMapping]             restartedMain: Mapped "{[/eventinfo/get]}" onto public java.util.List<com.boot.test.event.pojo.EventinfoPojo> com.boot.test.event.controller.EventinfoController.get(com.boot.test.event.pojo.EventinfoPojo,javax.servlet.http.HttpServletRequest,javax.servlet.http.HttpServletResponse)
[08-17 14:07:27.471 INFO uestMappingHandlerMapping]             restartedMain: Mapped "{[/eventinfo/update]}" onto public void com.boot.test.event.controller.EventinfoController.update(com.boot.test.event.pojo.EventinfoPojo,javax.servlet.http.HttpServletRequest,javax.servlet.http.HttpServletResponse)
[08-17 14:07:27.473 INFO uestMappingHandlerMapping]             restartedMain: Mapped "{[/hello/exportFile]}" onto public void com.boot.test.poi.controller.UserController.exportExcel(javax.servlet.http.HttpServletResponse)
[08-17 14:07:27.474 INFO uestMappingHandlerMapping]             restartedMain: Mapped "{[/hello/hi]}" onto public java.util.List<com.boot.test.poi.pojo.UserPojo> com.boot.test.poi.controller.UserController.hello(com.boot.test.poi.pojo.UserPojo)
[08-17 14:07:27.474 INFO uestMappingHandlerMapping]             restartedMain: Mapped "{[/hello/importExcel]}" onto public void com.boot.test.poi.controller.UserController.importExcel(org.springframework.web.multipart.MultipartFile)
[08-17 14:07:27.477 INFO uestMappingHandlerMapping]             restartedMain: Mapped "{[/error]}" onto public org.springframework.http.ResponseEntity<java.util.Map<java.lang.String, java.lang.Object>> org.springframework.boot.autoconfigure.web.servlet.error.BasicErrorController.error(javax.servlet.http.HttpServletRequest)
[08-17 14:07:27.478 INFO uestMappingHandlerMapping]             restartedMain: Mapped "{[/error],produces=[text/html]}" onto public org.springframework.web.servlet.ModelAndView org.springframework.boot.autoconfigure.web.servlet.error.BasicErrorController.errorHtml(javax.servlet.http.HttpServletRequest,javax.servlet.http.HttpServletResponse)
[08-17 14:07:27.523 INFO r.SimpleUrlHandlerMapping]             restartedMain: Mapped URL path [/webjars/**] onto handler of type [class org.springframework.web.servlet.resource.ResourceHttpRequestHandler]
[08-17 14:07:27.523 INFO r.SimpleUrlHandlerMapping]             restartedMain: Mapped URL path [/**] onto handler of type [class org.springframework.web.servlet.resource.ResourceHttpRequestHandler]
[08-17 14:07:28.341 INFO rker.SpringTemplateLoader]             restartedMain: SpringTemplateLoader for FreeMarker: using resource loader [org.springframework.boot.web.servlet.context.AnnotationConfigServletWebServerApplicationContext@7986535b: startup date [Fri Aug 17 14:07:22 CST 2018]; root of context hierarchy] and template loader path [classpath:/templates/]
[08-17 14:07:28.344 INFO rker.FreeMarkerConfigurer]             restartedMain: ClassTemplateLoader for Spring macros added to FreeMarker configuration
[08-17 14:07:28.421 WARN eeMarkerAutoConfiguration]             restartedMain: Cannot find template location(s): [classpath:/templates/] (please add some templates, check your FreeMarker configuration, or set spring.freemarker.checkTemplateLocation=false)
[08-17 14:07:28.639 INFO .OptionalLiveReloadServer]             restartedMain: LiveReload server is running on port 35729
[08-17 14:07:28.673 INFO n.AnnotationMBeanExporter]             restartedMain: Registering beans for JMX exposure on startup
[08-17 14:07:28.674 INFO n.AnnotationMBeanExporter]             restartedMain: Bean with name 'statFilter' has been autodetected for JMX exposure
[08-17 14:07:28.675 INFO n.AnnotationMBeanExporter]             restartedMain: Bean with name 'dataSource' has been autodetected for JMX exposure
[08-17 14:07:28.680 INFO n.AnnotationMBeanExporter]             restartedMain: Located MBean 'dataSource': registering with JMX server as MBean [com.alibaba.druid.spring.boot.autoconfigure:name=dataSource,type=DruidDataSourceWrapper]
[08-17 14:07:28.681 INFO n.AnnotationMBeanExporter]             restartedMain: Located MBean 'statFilter': registering with JMX server as MBean [com.alibaba.druid.filter.stat:name=statFilter,type=StatFilter]
[08-17 14:07:28.727 INFO ed.tomcat.TomcatWebServer]             restartedMain: Tomcat started on port(s): 8080 (http) with context path ''
[08-17 14:07:28.733 INFO com.boot.test.Application]             restartedMain: Started Application in 7.249 seconds (JVM running for 9.268)
[08-17 14:07:37.309 INFO servlet.DispatcherServlet]      http-nio-8080-exec-1: FrameworkServlet 'dispatcherServlet': initialization started
[08-17 14:07:37.337 INFO servlet.DispatcherServlet]      http-nio-8080-exec-1: FrameworkServlet 'dispatcherServlet': initialization completed in 28 ms
[08-17 14:07:37.460 INFO st.event.dao.EventinfoDao]      http-nio-8080-exec-1: ====执行sql：com.boot.test.event.dao.EventinfoDao.update
[08-17 14:24:25.524 INFO com.boot.test.Application]             restartedMain: Starting Application on DESKTOP-VQGHUL9 with PID 13004 (D:\bootProduct\best-pay-sdk-develop\poi2\target\classes started by zhu in D:\bootProduct\best-pay-sdk-develop\poi2)
[08-17 14:24:25.530 INFO com.boot.test.Application]             restartedMain: The following profiles are active: dev
[08-17 14:24:25.609 INFO bServerApplicationContext]             restartedMain: Refreshing org.springframework.boot.web.servlet.context.AnnotationConfigServletWebServerApplicationContext@45f3526d: startup date [Fri Aug 17 14:24:25 CST 2018]; root of context hierarchy
[08-17 14:24:28.382 INFO ed.tomcat.TomcatWebServer]             restartedMain: Tomcat initialized with port(s): 8080 (http)
[08-17 14:24:28.500 INFO web.context.ContextLoader]     localhost-startStop-1: Root WebApplicationContext: initialization completed in 2896 ms
[08-17 14:24:28.693 INFO t.ServletRegistrationBean]     localhost-startStop-1: Servlet dispatcherServlet mapped to [/]
[08-17 14:24:28.695 INFO t.ServletRegistrationBean]     localhost-startStop-1: Servlet statViewServlet mapped to [/druid/*]
[08-17 14:24:28.698 INFO et.FilterRegistrationBean]     localhost-startStop-1: Mapping filter: 'characterEncodingFilter' to: [/*]
[08-17 14:24:28.698 INFO et.FilterRegistrationBean]     localhost-startStop-1: Mapping filter: 'hiddenHttpMethodFilter' to: [/*]
[08-17 14:24:28.698 INFO et.FilterRegistrationBean]     localhost-startStop-1: Mapping filter: 'httpPutFormContentFilter' to: [/*]
[08-17 14:24:28.698 INFO et.FilterRegistrationBean]     localhost-startStop-1: Mapping filter: 'requestContextFilter' to: [/*]
[08-17 14:24:28.699 INFO et.FilterRegistrationBean]     localhost-startStop-1: Mapping filter: 'webStatFilter' to urls: [/*]
[08-17 14:24:28.790 INFO idDataSourceAutoConfigure]             restartedMain: Init DruidDataSource
[08-17 14:24:29.319 INFO ruid.pool.DruidDataSource]             restartedMain: {dataSource-1} inited
[08-17 14:24:29.708 INFO r.SimpleUrlHandlerMapping]             restartedMain: Mapped URL path [/**/favicon.ico] onto handler of type [class org.springframework.web.servlet.resource.ResourceHttpRequestHandler]
[08-17 14:24:29.956 INFO uestMappingHandlerAdapter]             restartedMain: Looking for @ControllerAdvice: org.springframework.boot.web.servlet.context.AnnotationConfigServletWebServerApplicationContext@45f3526d: startup date [Fri Aug 17 14:24:25 CST 2018]; root of context hierarchy
[08-17 14:24:30.014 INFO uestMappingHandlerMapping]             restartedMain: Mapped "{[/eventinfo/get]}" onto public java.util.List<com.boot.test.event.pojo.EventinfoPojo> com.boot.test.event.controller.EventinfoController.get(com.boot.test.event.pojo.EventinfoPojo,javax.servlet.http.HttpServletRequest,javax.servlet.http.HttpServletResponse)
[08-17 14:24:30.015 INFO uestMappingHandlerMapping]             restartedMain: Mapped "{[/eventinfo/update]}" onto public void com.boot.test.event.controller.EventinfoController.update(com.boot.test.event.pojo.EventinfoPojo,javax.servlet.http.HttpServletRequest,javax.servlet.http.HttpServletResponse)
[08-17 14:24:30.017 INFO uestMappingHandlerMapping]             restartedMain: Mapped "{[/hello/importExcel]}" onto public void com.boot.test.poi.controller.UserController.importExcel(org.springframework.web.multipart.MultipartFile)
[08-17 14:24:30.018 INFO uestMappingHandlerMapping]             restartedMain: Mapped "{[/hello/hi]}" onto public java.util.List<com.boot.test.poi.pojo.UserPojo> com.boot.test.poi.controller.UserController.hello(com.boot.test.poi.pojo.UserPojo)
[08-17 14:24:30.019 INFO uestMappingHandlerMapping]             restartedMain: Mapped "{[/hello/exportFile]}" onto public void com.boot.test.poi.controller.UserController.exportExcel(javax.servlet.http.HttpServletResponse)
[08-17 14:24:30.021 INFO uestMappingHandlerMapping]             restartedMain: Mapped "{[/error]}" onto public org.springframework.http.ResponseEntity<java.util.Map<java.lang.String, java.lang.Object>> org.springframework.boot.autoconfigure.web.servlet.error.BasicErrorController.error(javax.servlet.http.HttpServletRequest)
[08-17 14:24:30.022 INFO uestMappingHandlerMapping]             restartedMain: Mapped "{[/error],produces=[text/html]}" onto public org.springframework.web.servlet.ModelAndView org.springframework.boot.autoconfigure.web.servlet.error.BasicErrorController.errorHtml(javax.servlet.http.HttpServletRequest,javax.servlet.http.HttpServletResponse)
[08-17 14:24:30.055 INFO r.SimpleUrlHandlerMapping]             restartedMain: Mapped URL path [/webjars/**] onto handler of type [class org.springframework.web.servlet.resource.ResourceHttpRequestHandler]
[08-17 14:24:30.055 INFO r.SimpleUrlHandlerMapping]             restartedMain: Mapped URL path [/**] onto handler of type [class org.springframework.web.servlet.resource.ResourceHttpRequestHandler]
[08-17 14:24:30.451 INFO rker.SpringTemplateLoader]             restartedMain: SpringTemplateLoader for FreeMarker: using resource loader [org.springframework.boot.web.servlet.context.AnnotationConfigServletWebServerApplicationContext@45f3526d: startup date [Fri Aug 17 14:24:25 CST 2018]; root of context hierarchy] and template loader path [classpath:/templates/]
[08-17 14:24:30.452 INFO rker.FreeMarkerConfigurer]             restartedMain: ClassTemplateLoader for Spring macros added to FreeMarker configuration
[08-17 14:24:30.494 WARN eeMarkerAutoConfiguration]             restartedMain: Cannot find template location(s): [classpath:/templates/] (please add some templates, check your FreeMarker configuration, or set spring.freemarker.checkTemplateLocation=false)
[08-17 14:24:30.778 INFO .OptionalLiveReloadServer]             restartedMain: LiveReload server is running on port 35729
[08-17 14:24:30.819 INFO n.AnnotationMBeanExporter]             restartedMain: Registering beans for JMX exposure on startup
[08-17 14:24:30.821 INFO n.AnnotationMBeanExporter]             restartedMain: Bean with name 'statFilter' has been autodetected for JMX exposure
[08-17 14:24:30.822 INFO n.AnnotationMBeanExporter]             restartedMain: Bean with name 'dataSource' has been autodetected for JMX exposure
[08-17 14:24:30.829 INFO n.AnnotationMBeanExporter]             restartedMain: Located MBean 'dataSource': registering with JMX server as MBean [com.alibaba.druid.spring.boot.autoconfigure:name=dataSource,type=DruidDataSourceWrapper]
[08-17 14:24:30.831 INFO n.AnnotationMBeanExporter]             restartedMain: Located MBean 'statFilter': registering with JMX server as MBean [com.alibaba.druid.filter.stat:name=statFilter,type=StatFilter]
[08-17 14:24:30.865 INFO ed.tomcat.TomcatWebServer]             restartedMain: Tomcat started on port(s): 8080 (http) with context path ''
[08-17 14:24:30.869 INFO com.boot.test.Application]             restartedMain: Started Application in 6.108 seconds (JVM running for 8.236)
[08-17 14:24:40.882 INFO servlet.DispatcherServlet]      http-nio-8080-exec-1: FrameworkServlet 'dispatcherServlet': initialization started
[08-17 14:24:40.909 INFO servlet.DispatcherServlet]      http-nio-8080-exec-1: FrameworkServlet 'dispatcherServlet': initialization completed in 27 ms
[08-17 14:24:40.974 INFO st.event.dao.EventinfoDao]      http-nio-8080-exec-1: ====执行sql：com.boot.test.event.dao.EventinfoDao.update
[08-17 14:34:42.027 INFO bServerApplicationContext]                 Thread-19: Closing org.springframework.boot.web.servlet.context.AnnotationConfigServletWebServerApplicationContext@45f3526d: startup date [Fri Aug 17 14:24:25 CST 2018]; root of context hierarchy
[08-17 14:34:42.033 INFO n.AnnotationMBeanExporter]                 Thread-19: Unregistering JMX-exposed beans on shutdown
[08-17 14:34:42.034 INFO n.AnnotationMBeanExporter]                 Thread-19: Unregistering JMX-exposed beans
[08-17 14:34:42.044 INFO ruid.pool.DruidDataSource]                 Thread-19: {dataSource-1} closed
[08-17 14:34:43.078 INFO com.boot.test.Application]             restartedMain: Starting Application on DESKTOP-VQGHUL9 with PID 13004 (D:\bootProduct\best-pay-sdk-develop\poi2\target\classes started by zhu in D:\bootProduct\best-pay-sdk-develop\poi2)
[08-17 14:34:43.078 INFO com.boot.test.Application]             restartedMain: The following profiles are active: dev
[08-17 14:34:43.083 INFO bServerApplicationContext]             restartedMain: Refreshing org.springframework.boot.web.servlet.context.AnnotationConfigServletWebServerApplicationContext@53c003e7: startup date [Fri Aug 17 14:34:43 CST 2018]; root of context hierarchy
[08-17 14:34:44.971 INFO ed.tomcat.TomcatWebServer]             restartedMain: Tomcat initialized with port(s): 8080 (http)
[08-17 14:34:45.015 INFO web.context.ContextLoader]     localhost-startStop-1: Root WebApplicationContext: initialization completed in 1932 ms
[08-17 14:34:45.107 INFO t.ServletRegistrationBean]     localhost-startStop-1: Servlet dispatcherServlet mapped to [/]
[08-17 14:34:45.108 INFO t.ServletRegistrationBean]     localhost-startStop-1: Servlet statViewServlet mapped to [/druid/*]
[08-17 14:34:45.108 INFO et.FilterRegistrationBean]     localhost-startStop-1: Mapping filter: 'characterEncodingFilter' to: [/*]
[08-17 14:34:45.109 INFO et.FilterRegistrationBean]     localhost-startStop-1: Mapping filter: 'hiddenHttpMethodFilter' to: [/*]
[08-17 14:34:45.110 INFO et.FilterRegistrationBean]     localhost-startStop-1: Mapping filter: 'httpPutFormContentFilter' to: [/*]
[08-17 14:34:45.110 INFO et.FilterRegistrationBean]     localhost-startStop-1: Mapping filter: 'requestContextFilter' to: [/*]
[08-17 14:34:45.111 INFO et.FilterRegistrationBean]     localhost-startStop-1: Mapping filter: 'webStatFilter' to urls: [/*]
[08-17 14:34:45.171 INFO idDataSourceAutoConfigure]             restartedMain: Init DruidDataSource
[08-17 14:34:45.538 INFO ruid.pool.DruidDataSource]             restartedMain: {dataSource-2} inited
[08-17 14:34:46.300 INFO r.SimpleUrlHandlerMapping]             restartedMain: Mapped URL path [/**/favicon.ico] onto handler of type [class org.springframework.web.servlet.resource.ResourceHttpRequestHandler]
[08-17 14:34:46.638 INFO uestMappingHandlerAdapter]             restartedMain: Looking for @ControllerAdvice: org.springframework.boot.web.servlet.context.AnnotationConfigServletWebServerApplicationContext@53c003e7: startup date [Fri Aug 17 14:34:43 CST 2018]; root of context hierarchy
[08-17 14:34:46.663 INFO uestMappingHandlerMapping]             restartedMain: Mapped "{[/eventinfo/get]}" onto public java.util.List<com.boot.test.event.pojo.EventinfoPojo> com.boot.test.event.controller.EventinfoController.get(com.boot.test.event.pojo.EventinfoPojo,javax.servlet.http.HttpServletRequest,javax.servlet.http.HttpServletResponse)
[08-17 14:34:46.664 INFO uestMappingHandlerMapping]             restartedMain: Mapped "{[/eventinfo/update]}" onto public void com.boot.test.event.controller.EventinfoController.update(com.boot.test.event.pojo.EventinfoPojo,javax.servlet.http.HttpServletRequest,javax.servlet.http.HttpServletResponse)
[08-17 14:34:46.665 INFO uestMappingHandlerMapping]             restartedMain: Mapped "{[/hello/importExcel]}" onto public void com.boot.test.poi.controller.UserController.importExcel(org.springframework.web.multipart.MultipartFile)
[08-17 14:34:46.666 INFO uestMappingHandlerMapping]             restartedMain: Mapped "{[/hello/hi]}" onto public java.util.List<com.boot.test.poi.pojo.UserPojo> com.boot.test.poi.controller.UserController.hello(com.boot.test.poi.pojo.UserPojo)
[08-17 14:34:46.667 INFO uestMappingHandlerMapping]             restartedMain: Mapped "{[/hello/exportFile]}" onto public void com.boot.test.poi.controller.UserController.exportExcel(javax.servlet.http.HttpServletResponse)
[08-17 14:34:46.675 INFO uestMappingHandlerMapping]             restartedMain: Mapped "{[/error]}" onto public org.springframework.http.ResponseEntity<java.util.Map<java.lang.String, java.lang.Object>> org.springframework.boot.autoconfigure.web.servlet.error.BasicErrorController.error(javax.servlet.http.HttpServletRequest)
[08-17 14:34:46.676 INFO uestMappingHandlerMapping]             restartedMain: Mapped "{[/error],produces=[text/html]}" onto public org.springframework.web.servlet.ModelAndView org.springframework.boot.autoconfigure.web.servlet.error.BasicErrorController.errorHtml(javax.servlet.http.HttpServletRequest,javax.servlet.http.HttpServletResponse)
[08-17 14:34:46.708 INFO r.SimpleUrlHandlerMapping]             restartedMain: Mapped URL path [/webjars/**] onto handler of type [class org.springframework.web.servlet.resource.ResourceHttpRequestHandler]
[08-17 14:34:46.710 INFO r.SimpleUrlHandlerMapping]             restartedMain: Mapped URL path [/**] onto handler of type [class org.springframework.web.servlet.resource.ResourceHttpRequestHandler]
[08-17 14:34:46.822 INFO rker.SpringTemplateLoader]             restartedMain: SpringTemplateLoader for FreeMarker: using resource loader [org.springframework.boot.web.servlet.context.AnnotationConfigServletWebServerApplicationContext@53c003e7: startup date [Fri Aug 17 14:34:43 CST 2018]; root of context hierarchy] and template loader path [classpath:/templates/]
[08-17 14:34:46.823 INFO rker.FreeMarkerConfigurer]             restartedMain: ClassTemplateLoader for Spring macros added to FreeMarker configuration
[08-17 14:34:46.838 WARN eeMarkerAutoConfiguration]             restartedMain: Cannot find template location(s): [classpath:/templates/] (please add some templates, check your FreeMarker configuration, or set spring.freemarker.checkTemplateLocation=false)
[08-17 14:34:46.944 INFO .OptionalLiveReloadServer]             restartedMain: LiveReload server is running on port 35729
[08-17 14:34:46.976 INFO n.AnnotationMBeanExporter]             restartedMain: Registering beans for JMX exposure on startup
[08-17 14:34:46.977 INFO n.AnnotationMBeanExporter]             restartedMain: Bean with name 'statFilter' has been autodetected for JMX exposure
[08-17 14:34:46.977 INFO n.AnnotationMBeanExporter]             restartedMain: Bean with name 'dataSource' has been autodetected for JMX exposure
[08-17 14:34:46.981 INFO n.AnnotationMBeanExporter]             restartedMain: Located MBean 'dataSource': registering with JMX server as MBean [com.alibaba.druid.spring.boot.autoconfigure:name=dataSource,type=DruidDataSourceWrapper]
[08-17 14:34:46.982 INFO n.AnnotationMBeanExporter]             restartedMain: Located MBean 'statFilter': registering with JMX server as MBean [com.alibaba.druid.filter.stat:name=statFilter,type=StatFilter]
[08-17 14:34:46.994 INFO ed.tomcat.TomcatWebServer]             restartedMain: Tomcat started on port(s): 8080 (http) with context path ''
[08-17 14:34:46.996 INFO com.boot.test.Application]             restartedMain: Started Application in 4.071 seconds (JVM running for 624.363)
[08-17 14:34:47.000 INFO ationDeltaLoggingListener]             restartedMain: Condition evaluation unchanged
[08-17 14:34:51.144 INFO bServerApplicationContext]                 Thread-27: Closing org.springframework.boot.web.servlet.context.AnnotationConfigServletWebServerApplicationContext@53c003e7: startup date [Fri Aug 17 14:34:43 CST 2018]; root of context hierarchy
[08-17 14:34:51.147 INFO n.AnnotationMBeanExporter]                 Thread-27: Unregistering JMX-exposed beans on shutdown
[08-17 14:34:51.147 INFO n.AnnotationMBeanExporter]                 Thread-27: Unregistering JMX-exposed beans
[08-17 14:34:51.151 INFO ruid.pool.DruidDataSource]                 Thread-27: {dataSource-2} closed
[08-17 14:34:52.023 INFO com.boot.test.Application]             restartedMain: Starting Application on DESKTOP-VQGHUL9 with PID 13004 (D:\bootProduct\best-pay-sdk-develop\poi2\target\classes started by zhu in D:\bootProduct\best-pay-sdk-develop\poi2)
[08-17 14:34:52.023 INFO com.boot.test.Application]             restartedMain: The following profiles are active: dev
[08-17 14:34:52.029 INFO bServerApplicationContext]             restartedMain: Refreshing org.springframework.boot.web.servlet.context.AnnotationConfigServletWebServerApplicationContext@4e3641ef: startup date [Fri Aug 17 14:34:52 CST 2018]; root of context hierarchy
[08-17 14:34:52.990 INFO ed.tomcat.TomcatWebServer]             restartedMain: Tomcat initialized with port(s): 8080 (http)
[08-17 14:34:53.018 INFO web.context.ContextLoader]     localhost-startStop-1: Root WebApplicationContext: initialization completed in 989 ms
[08-17 14:34:53.096 INFO t.ServletRegistrationBean]     localhost-startStop-1: Servlet dispatcherServlet mapped to [/]
[08-17 14:34:53.096 INFO t.ServletRegistrationBean]     localhost-startStop-1: Servlet statViewServlet mapped to [/druid/*]
[08-17 14:34:53.097 INFO et.FilterRegistrationBean]     localhost-startStop-1: Mapping filter: 'characterEncodingFilter' to: [/*]
[08-17 14:34:53.097 INFO et.FilterRegistrationBean]     localhost-startStop-1: Mapping filter: 'hiddenHttpMethodFilter' to: [/*]
[08-17 14:34:53.097 INFO et.FilterRegistrationBean]     localhost-startStop-1: Mapping filter: 'httpPutFormContentFilter' to: [/*]
[08-17 14:34:53.097 INFO et.FilterRegistrationBean]     localhost-startStop-1: Mapping filter: 'requestContextFilter' to: [/*]
[08-17 14:34:53.097 INFO et.FilterRegistrationBean]     localhost-startStop-1: Mapping filter: 'webStatFilter' to urls: [/*]
[08-17 14:34:53.232 INFO idDataSourceAutoConfigure]             restartedMain: Init DruidDataSource
[08-17 14:34:53.479 INFO ruid.pool.DruidDataSource]             restartedMain: {dataSource-3} inited
[08-17 14:34:53.737 INFO r.SimpleUrlHandlerMapping]             restartedMain: Mapped URL path [/**/favicon.ico] onto handler of type [class org.springframework.web.servlet.resource.ResourceHttpRequestHandler]
[08-17 14:34:53.925 INFO uestMappingHandlerAdapter]             restartedMain: Looking for @ControllerAdvice: org.springframework.boot.web.servlet.context.AnnotationConfigServletWebServerApplicationContext@4e3641ef: startup date [Fri Aug 17 14:34:52 CST 2018]; root of context hierarchy
[08-17 14:34:53.962 INFO uestMappingHandlerMapping]             restartedMain: Mapped "{[/eventinfo/get]}" onto public java.util.List<com.boot.test.event.pojo.EventinfoPojo> com.boot.test.event.controller.EventinfoController.get(com.boot.test.event.pojo.EventinfoPojo,javax.servlet.http.HttpServletRequest,javax.servlet.http.HttpServletResponse)
[08-17 14:34:53.963 INFO uestMappingHandlerMapping]             restartedMain: Mapped "{[/eventinfo/update]}" onto public void com.boot.test.event.controller.EventinfoController.update(com.boot.test.event.pojo.EventinfoPojo,javax.servlet.http.HttpServletRequest,javax.servlet.http.HttpServletResponse)
[08-17 14:34:53.967 INFO uestMappingHandlerMapping]             restartedMain: Mapped "{[/hello/importExcel]}" onto public void com.boot.test.poi.controller.UserController.importExcel(org.springframework.web.multipart.MultipartFile)
[08-17 14:34:53.968 INFO uestMappingHandlerMapping]             restartedMain: Mapped "{[/hello/hi]}" onto public java.util.List<com.boot.test.poi.pojo.UserPojo> com.boot.test.poi.controller.UserController.hello(com.boot.test.poi.pojo.UserPojo)
[08-17 14:34:53.969 INFO uestMappingHandlerMapping]             restartedMain: Mapped "{[/hello/exportFile]}" onto public void com.boot.test.poi.controller.UserController.exportExcel(javax.servlet.http.HttpServletResponse)
[08-17 14:34:53.971 INFO uestMappingHandlerMapping]             restartedMain: Mapped "{[/error]}" onto public org.springframework.http.ResponseEntity<java.util.Map<java.lang.String, java.lang.Object>> org.springframework.boot.autoconfigure.web.servlet.error.BasicErrorController.error(javax.servlet.http.HttpServletRequest)
[08-17 14:34:53.972 INFO uestMappingHandlerMapping]             restartedMain: Mapped "{[/error],produces=[text/html]}" onto public org.springframework.web.servlet.ModelAndView org.springframework.boot.autoconfigure.web.servlet.error.BasicErrorController.errorHtml(javax.servlet.http.HttpServletRequest,javax.servlet.http.HttpServletResponse)
[08-17 14:34:54.017 INFO r.SimpleUrlHandlerMapping]             restartedMain: Mapped URL path [/webjars/**] onto handler of type [class org.springframework.web.servlet.resource.ResourceHttpRequestHandler]
[08-17 14:34:54.017 INFO r.SimpleUrlHandlerMapping]             restartedMain: Mapped URL path [/**] onto handler of type [class org.springframework.web.servlet.resource.ResourceHttpRequestHandler]
[08-17 14:34:54.205 INFO rker.SpringTemplateLoader]             restartedMain: SpringTemplateLoader for FreeMarker: using resource loader [org.springframework.boot.web.servlet.context.AnnotationConfigServletWebServerApplicationContext@4e3641ef: startup date [Fri Aug 17 14:34:52 CST 2018]; root of context hierarchy] and template loader path [classpath:/templates/]
[08-17 14:34:54.205 INFO rker.FreeMarkerConfigurer]             restartedMain: ClassTemplateLoader for Spring macros added to FreeMarker configuration
[08-17 14:34:54.243 WARN eeMarkerAutoConfiguration]             restartedMain: Cannot find template location(s): [classpath:/templates/] (please add some templates, check your FreeMarker configuration, or set spring.freemarker.checkTemplateLocation=false)
[08-17 14:34:54.454 INFO .OptionalLiveReloadServer]             restartedMain: LiveReload server is running on port 35729
[08-17 14:34:54.529 INFO n.AnnotationMBeanExporter]             restartedMain: Registering beans for JMX exposure on startup
[08-17 14:34:54.531 INFO n.AnnotationMBeanExporter]             restartedMain: Bean with name 'statFilter' has been autodetected for JMX exposure
[08-17 14:34:54.531 INFO n.AnnotationMBeanExporter]             restartedMain: Bean with name 'dataSource' has been autodetected for JMX exposure
[08-17 14:34:54.544 INFO n.AnnotationMBeanExporter]             restartedMain: Located MBean 'dataSource': registering with JMX server as MBean [com.alibaba.druid.spring.boot.autoconfigure:name=dataSource,type=DruidDataSourceWrapper]
[08-17 14:34:54.546 INFO n.AnnotationMBeanExporter]             restartedMain: Located MBean 'statFilter': registering with JMX server as MBean [com.alibaba.druid.filter.stat:name=statFilter,type=StatFilter]
[08-17 14:34:54.579 INFO ed.tomcat.TomcatWebServer]             restartedMain: Tomcat started on port(s): 8080 (http) with context path ''
[08-17 14:34:54.580 INFO com.boot.test.Application]             restartedMain: Started Application in 2.667 seconds (JVM running for 631.947)
[08-17 14:34:54.584 INFO ationDeltaLoggingListener]             restartedMain: Condition evaluation unchanged
